"../../../Engine/Content/EditorShellMaterials/T_BaseOverlay.uasset" 0
"../../../Engine/Content/EditorShellMaterials/T_Base.uasset" 1
"../../../Engine/Content/Functions/Engine_MaterialFunctions01/Shading/ConvertFromDiffSpec.uasset" 2
"../../../Engine/Content/EditorShellMaterials/M_ShellMaster.uasset" 3
"../../../../../../Users/User/Documents/GitHub/GameCapstoneDesignProject/GameCapstone/Content/MI_BaseInterpMesh_MUV.uasset" 4
"../../../../../../Users/User/Documents/GitHub/GameCapstoneDesignProject/GameCapstone/Content/MI_BaseMesh_MUV.uasset" 5
"../../../../../../Users/User/Documents/GitHub/GameCapstoneDesignProject/GameCapstone/Content/MI_Shell_128_MUV.uasset" 6
"../../../../../../Users/User/Documents/GitHub/GameCapstoneDesignProject/GameCapstone/Content/MI_Shell_256_MUV.uasset" 7
"../../../../../../Users/User/Documents/GitHub/GameCapstoneDesignProject/GameCapstone/Content/MI_Shell_32_MUV.uasset" 8
"../../../../../../Users/User/Documents/GitHub/GameCapstoneDesignProject/GameCapstone/Content/MI_Shell_64_MUV.uasset" 9
"../../../Engine/Content/EngineMeshes/Humanoid.uasset" 10
"../../../../../../Users/User/Documents/GitHub/GameCapstoneDesignProject/GameCapstone/Content/Mannequin/Character/Mesh/UE4_Mannequin_Skeleton.uasset" 11
"../../../Engine/Content/Animation/DefaultAnimCurveCompressionSettings.uasset" 12
"../../../Engine/Content/Animation/DefaultAnimBoneCompressionSettings.uasset" 13
"../../../../../../Users/User/Documents/GitHub/GameCapstoneDesignProject/GameCapstone/Content/ThirPeson_Evade_Back.uasset" 14
"../../../../../../Users/User/Documents/GitHub/GameCapstoneDesignProject/GameCapstone/Content/CloseCombatAnimSet/Animations/RootMotion/Attacks/NinjaCutDownKick.uasset" 15
"../../../../../../Users/User/Documents/GitHub/GameCapstoneDesignProject/GameCapstone/Content/CloseCombatAnimSet/Animations/RootMotion/Attacks/NinjaLeftHook.uasset" 16
"../../../../../../Users/User/Documents/GitHub/GameCapstoneDesignProject/GameCapstone/Content/CloseCombatAnimSet/Animations/RootMotion/Attacks/NinjaLowRightThaiKick.uasset" 17
"../../../../../../Users/User/Documents/GitHub/GameCapstoneDesignProject/GameCapstone/Content/CloseCombatAnimSet/Animations/RootMotion/Attacks/NinjaObliqueKick.uasset" 18
"../../../../../../Users/User/Documents/GitHub/GameCapstoneDesignProject/GameCapstone/Content/CloseCombatAnimSet/Animations/RootMotion/Attacks/NinjaRightCross.uasset" 19
"../../../../../../Users/User/Documents/GitHub/GameCapstoneDesignProject/GameCapstone/Content/CloseCombatAnimSet/Animations/RootMotion/Attacks/NinjaRightUppercut.uasset" 20
"../../../../../../Users/User/Documents/GitHub/GameCapstoneDesignProject/GameCapstone/Content/CloseCombatAnimSet/Animations/RootMotion/Attacks/NinjaSpinningBackfist.uasset" 21
"../../../../../../Users/User/Documents/GitHub/GameCapstoneDesignProject/GameCapstone/Content/CloseCombatAnimSet/Animations/RootMotion/Attacks/NinjaWheelKick.uasset" 22
"../../../../../../Users/User/Documents/GitHub/GameCapstoneDesignProject/GameCapstone/Content/CloseCombatAnimSet/Animations/RootMotion/Blocks/NinjaBlockHit.uasset" 23
"../../../../../../Users/User/Documents/GitHub/GameCapstoneDesignProject/GameCapstone/Content/CloseCombatAnimSet/Animations/RootMotion/Blocks/NinjaBlockIntro.uasset" 24
"../../../../../../Users/User/Documents/GitHub/GameCapstoneDesignProject/GameCapstone/Content/CloseCombatAnimSet/Animations/RootMotion/Evades/NinjaBackEvade.uasset" 25
"../../../../../../Users/User/Documents/GitHub/GameCapstoneDesignProject/GameCapstone/Content/CloseCombatAnimSet/Animations/RootMotion/Evades/NinjaFrontEvade.uasset" 26
"../../../../../../Users/User/Documents/GitHub/GameCapstoneDesignProject/GameCapstone/Content/CloseCombatAnimSet/Animations/RootMotion/Evades/NinjaHeadEvade.uasset" 27
"../../../../../../Users/User/Documents/GitHub/GameCapstoneDesignProject/GameCapstone/Content/CloseCombatAnimSet/Animations/RootMotion/Evades/NinjaLArmEvade.uasset" 28
"../../../../../../Users/User/Documents/GitHub/GameCapstoneDesignProject/GameCapstone/Content/CloseCombatAnimSet/Animations/RootMotion/Evades/NinjaLLegEvade.uasset" 29
"../../../../../../Users/User/Documents/GitHub/GameCapstoneDesignProject/GameCapstone/Content/CloseCombatAnimSet/Animations/RootMotion/Evades/NinjaRArmEvade.uasset" 30
"../../../../../../Users/User/Documents/GitHub/GameCapstoneDesignProject/GameCapstone/Content/CloseCombatAnimSet/Animations/RootMotion/Evades/NinjaRLegEvade.uasset" 31
"../../../../../../Users/User/Documents/GitHub/GameCapstoneDesignProject/GameCapstone/Content/CloseCombatAnimSet/Animations/RootMotion/Evades/NinjaTorsoBackEvade.uasset" 32
"../../../../../../Users/User/Documents/GitHub/GameCapstoneDesignProject/GameCapstone/Content/CloseCombatAnimSet/Animations/RootMotion/Evades/NinjaTorsoEvade.uasset" 33
"../../../../../../Users/User/Documents/GitHub/GameCapstoneDesignProject/GameCapstone/Content/CloseCombatAnimSet/Animations/RootMotion/HitReactions/NinjaHeadHit_01.uasset" 34
"../../../../../../Users/User/Documents/GitHub/GameCapstoneDesignProject/GameCapstone/Content/CloseCombatAnimSet/Animations/RootMotion/HitReactions/NinjaKnockdownBack.uasset" 35
"../../../../../../Users/User/Documents/GitHub/GameCapstoneDesignProject/GameCapstone/Content/CloseCombatAnimSet/Animations/RootMotion/HitReactions/NinjaKnockdownStomach.uasset" 36
"../../../../../../Users/User/Documents/GitHub/GameCapstoneDesignProject/GameCapstone/Content/CloseCombatAnimSet/Animations/RootMotion/HitReactions/NinjaLArmHit_01.uasset" 37
"../../../../../../Users/User/Documents/GitHub/GameCapstoneDesignProject/GameCapstone/Content/CloseCombatAnimSet/Animations/RootMotion/HitReactions/NinjaLLegHit_01.uasset" 38
"../../../../../../Users/User/Documents/GitHub/GameCapstoneDesignProject/GameCapstone/Content/CloseCombatAnimSet/Animations/RootMotion/HitReactions/NinjaRArmHit_01.uasset" 39
"../../../../../../Users/User/Documents/GitHub/GameCapstoneDesignProject/GameCapstone/Content/CloseCombatAnimSet/Animations/RootMotion/HitReactions/NinjaRLegHit_01.uasset" 40
"../../../../../../Users/User/Documents/GitHub/GameCapstoneDesignProject/GameCapstone/Content/CloseCombatAnimSet/Animations/RootMotion/HitReactions/NinjaTorsoBackHit_01.uasset" 41
"../../../../../../Users/User/Documents/GitHub/GameCapstoneDesignProject/GameCapstone/Content/CloseCombatAnimSet/Animations/RootMotion/HitReactions/NinjaTorsoHit_01.uasset" 42
"../../../../../../Users/User/Documents/GitHub/GameCapstoneDesignProject/GameCapstone/Content/CloseCombatAnimSet/Animations/RootMotion/Locomotion/Idle/NinjaIdle.uasset" 43
"../../../../../../Users/User/Documents/GitHub/GameCapstoneDesignProject/GameCapstone/Content/CloseCombatAnimSet/Animations/RootMotion/Locomotion/Jog/NinjaJog.uasset" 44
"../../../../../../Users/User/Documents/GitHub/GameCapstoneDesignProject/GameCapstone/Content/CloseCombatAnimSet/Animations/RootMotion/Locomotion/Jump/NinjaJumpFalling.uasset" 45
"../../../../../../Users/User/Documents/GitHub/GameCapstoneDesignProject/GameCapstone/Content/CloseCombatAnimSet/Animations/RootMotion/Locomotion/Jump/NinjaJumpLand.uasset" 46
"../../../../../../Users/User/Documents/GitHub/GameCapstoneDesignProject/GameCapstone/Content/CloseCombatAnimSet/Animations/RootMotion/Locomotion/Jump/NinjaJumpUp.uasset" 47
"../../../../../../Users/User/Documents/GitHub/GameCapstoneDesignProject/GameCapstone/Content/CloseCombatAnimSet/Animations/RootMotion/Locomotion/Run/NinjaRunBackwards.uasset" 48
"../../../../../../Users/User/Documents/GitHub/GameCapstoneDesignProject/GameCapstone/Content/CloseCombatAnimSet/Animations/RootMotion/Locomotion/Run/NinjaRunForward.uasset" 49
"../../../../../../Users/User/Documents/GitHub/GameCapstoneDesignProject/GameCapstone/Content/CloseCombatAnimSet/Animations/RootMotion/Locomotion/Run/NinjaRunLeft.uasset" 50
"../../../../../../Users/User/Documents/GitHub/GameCapstoneDesignProject/GameCapstone/Content/CloseCombatAnimSet/Animations/RootMotion/Locomotion/Run/NinjaRunRight.uasset" 51
"../../../../../../Users/User/Documents/GitHub/GameCapstoneDesignProject/GameCapstone/Content/CloseCombatAnimSet/Animations/RootMotion/Locomotion/Strafe/NinjaStrafeLeft.uasset" 52
"../../../../../../Users/User/Documents/GitHub/GameCapstoneDesignProject/GameCapstone/Content/CloseCombatAnimSet/Animations/RootMotion/Locomotion/Strafe/NinjaStrafeRight.uasset" 53
"../../../../../../Users/User/Documents/GitHub/GameCapstoneDesignProject/GameCapstone/Content/CloseCombatAnimSet/Animations/RootMotion/Locomotion/Walk/NinjaWalkBackwards.uasset" 54
"../../../../../../Users/User/Documents/GitHub/GameCapstoneDesignProject/GameCapstone/Content/CloseCombatAnimSet/Animations/RootMotion/Locomotion/Walk/NinjaWalkForward.uasset" 55
"../../../../../../Users/User/Documents/GitHub/GameCapstoneDesignProject/GameCapstone/Content/Geometry/Meshes/CubeMaterial.uasset" 56
"../../../../../../Users/User/Documents/GitHub/GameCapstoneDesignProject/GameCapstone/Content/Geometry/Meshes/1M_Cube.uasset" 57
"../../../../../../Users/User/Documents/GitHub/GameCapstoneDesignProject/GameCapstone/Content/Geometry/Meshes/1M_Cube_Chamfer.uasset" 58
"../../../../../../Users/User/Documents/GitHub/GameCapstoneDesignProject/GameCapstone/Content/Geometry/Meshes/Fence.uasset" 59
"../../../../../../Users/User/Documents/GitHub/GameCapstoneDesignProject/GameCapstone/Content/Geometry/Meshes/Pillar.uasset" 60
"../../../../../../Users/User/Documents/GitHub/GameCapstoneDesignProject/GameCapstone/Content/Geometry/Meshes/lambert1.uasset" 61
"../../../../../../Users/User/Documents/GitHub/GameCapstoneDesignProject/GameCapstone/Content/Geometry/Meshes/Blue.uasset" 62
"../../../../../../Users/User/Documents/GitHub/GameCapstoneDesignProject/GameCapstone/Content/Geometry/Meshes/Wall.uasset" 63
"../../../../../../Users/User/Documents/GitHub/GameCapstoneDesignProject/GameCapstone/Content/Geometry/Meshes/Wall_2.uasset" 64
"../../../../../../Users/User/Documents/GitHub/GameCapstoneDesignProject/GameCapstone/Content/Mannequin/Animations/Fast_Run_mixamo_com.uasset" 65
"../../../../../../Users/User/Documents/GitHub/GameCapstoneDesignProject/GameCapstone/Content/Mannequin/Animations/Surprise_Uppercut_mixamo_com.uasset" 66
"../../../../../../Users/User/Documents/GitHub/GameCapstoneDesignProject/GameCapstone/Content/Mannequin/Animations/ThirdPersonJump_End.uasset" 67
"../../../../../../Users/User/Documents/GitHub/GameCapstoneDesignProject/GameCapstone/Content/Mannequin/Animations/ThirdPerson_Evade_Left.uasset" 68
"../../../../../../Users/User/Documents/GitHub/GameCapstoneDesignProject/GameCapstone/Content/Mannequin/Animations/ThirdPerson_Evade_Right.uasset" 69
"../../../../../../Users/User/Documents/GitHub/GameCapstoneDesignProject/GameCapstone/Content/Mannequin/Animations/ThirdPerson_RibHit_right.uasset" 70
"../../../../../../Users/User/Documents/GitHub/GameCapstoneDesignProject/GameCapstone/Content/Mannequin/Animations/ThirdPerson_RibHit_Montage.uasset" 71
"../../../../../../Users/User/Documents/GitHub/GameCapstoneDesignProject/GameCapstone/Content/Mannequin/Animations/ThirdPerson_RightPunch.uasset" 72
"../../../../../../Users/User/Documents/GitHub/GameCapstoneDesignProject/GameCapstone/Content/Mannequin/Animations/ThirdPerson_Stading.uasset" 73
"../../../../../../Users/User/Documents/GitHub/GameCapstoneDesignProject/GameCapstone/Content/Mannequin/Animations/ThirPeson_Evade_Back.uasset" 74
"../../../../../../Users/User/Documents/GitHub/GameCapstoneDesignProject/GameCapstone/Content/Mannequin/Character/Mesh/SK_Mannequin_Female_PhysicsAsset.uasset" 75
"../../../../../../Users/User/Documents/GitHub/GameCapstoneDesignProject/GameCapstone/Content/Mannequin/Character/Textures/T_UE4Logo_N.uasset" 76
"../../../../../../Users/User/Documents/GitHub/GameCapstoneDesignProject/GameCapstone/Content/Mannequin/Character/Textures/T_UE4Logo_Mask.uasset" 77
"../../../../../../Users/User/Documents/GitHub/GameCapstoneDesignProject/GameCapstone/Content/Mannequin/Character/Textures/T_Male_N.uasset" 78
"../../../../../../Users/User/Documents/GitHub/GameCapstoneDesignProject/GameCapstone/Content/Mannequin/Character/Textures/T_Male_Mask.uasset" 79
"../../../../../../Users/User/Documents/GitHub/GameCapstoneDesignProject/GameCapstone/Content/Mannequin/Character/Materials/MaterialLayers/T_ML_Rubber_Blue_01_N.uasset" 80
"../../../../../../Users/User/Documents/GitHub/GameCapstoneDesignProject/GameCapstone/Content/Mannequin/Character/Materials/MaterialLayers/T_ML_Rubber_Blue_01_D.uasset" 81
"../../../../../../Users/User/Documents/GitHub/GameCapstoneDesignProject/GameCapstone/Content/Mannequin/Character/Materials/MaterialLayers/T_ML_Aluminum01_N.uasset" 82
"../../../../../../Users/User/Documents/GitHub/GameCapstoneDesignProject/GameCapstone/Content/Mannequin/Character/Materials/MaterialLayers/T_ML_Aluminum01.uasset" 83
"../../../../../../Users/User/Documents/GitHub/GameCapstoneDesignProject/GameCapstone/Content/Mannequin/Character/Materials/MaterialLayers/ML_SoftMetal_UE4.uasset" 84
"../../../../../../Users/User/Documents/GitHub/GameCapstoneDesignProject/GameCapstone/Content/Mannequin/Character/Materials/MaterialLayers/ML_Plastic_Shiny_Beige_LOGO.uasset" 85
"../../../../../../Users/User/Documents/GitHub/GameCapstoneDesignProject/GameCapstone/Content/Mannequin/Character/Materials/MaterialLayers/ML_Plastic_Shiny_Beige.uasset" 86
"../../../../../../Users/User/Documents/GitHub/GameCapstoneDesignProject/GameCapstone/Content/Mannequin/Character/Materials/MaterialLayers/ML_GlossyBlack_Latex_UE4.uasset" 87
"../../../Engine/Content/Functions/MaterialLayerFunctions/MatLayerBlend_Simple.uasset" 88
"../../../Engine/Content/Functions/Engine_MaterialFunctions02/Utility/BlendAngleCorrectedNormals.uasset" 89
"../../../Engine/Content/Functions/MaterialLayerFunctions/MatLayerBlend_NormalBlend.uasset" 90
"../../../../../../Users/User/Documents/GitHub/GameCapstoneDesignProject/GameCapstone/Content/Mannequin/Character/Materials/M_Male_Body.uasset" 91
"../../../../../../Users/User/Documents/GitHub/GameCapstoneDesignProject/GameCapstone/Content/Mannequin/Character/Materials/M_UE4Man_ChestLogo.uasset" 92
"../../../../../../Users/User/Documents/GitHub/GameCapstoneDesignProject/GameCapstone/Content/Mannequin/Character/Textures/T_Female_N.uasset" 93
"../../../../../../Users/User/Documents/GitHub/GameCapstoneDesignProject/GameCapstone/Content/Mannequin/Character/Textures/T_Female_Mask.uasset" 94
"../../../../../../Users/User/Documents/GitHub/GameCapstoneDesignProject/GameCapstone/Content/Mannequin/Character/Materials/MI_Female_Body.uasset" 95
"../../../../../../Users/User/Documents/GitHub/GameCapstoneDesignProject/GameCapstone/Content/Mannequin/Character/Mesh/SK_Mannequin_Female.uasset" 96
"../../../../../../Users/User/Documents/GitHub/GameCapstoneDesignProject/GameCapstone/Content/StarterContent/Materials/M_Basic_Wall.uasset" 97
"../../../../../../Users/User/Documents/GitHub/GameCapstoneDesignProject/GameCapstone/Content/StarterContent/Architecture/Pillar_50x500.uasset" 98
"../../../../../../Users/User/Documents/GitHub/GameCapstoneDesignProject/GameCapstone/Content/StarterContent/Architecture/Wall_400x300.uasset" 99
"../../../../../../Users/User/Documents/GitHub/GameCapstoneDesignProject/GameCapstone/Content/StarterContent/Architecture/Wall_400x400.uasset" 100
"../../../../../../Users/User/Documents/GitHub/GameCapstoneDesignProject/GameCapstone/Content/StarterContent/Architecture/Wall_500x500.uasset" 101
"../../../../../../Users/User/Documents/GitHub/GameCapstoneDesignProject/GameCapstone/Content/StarterContent/Architecture/Wall_Door_400x400.uasset" 102
"../../../../../../Users/User/Documents/GitHub/GameCapstoneDesignProject/GameCapstone/Content/StarterContent/Architecture/Wall_Window_400x400.uasset" 103
"../../../../../../Users/User/Documents/GitHub/GameCapstoneDesignProject/GameCapstone/Content/StarterContent/Audio/Collapse01.uasset" 104
"../../../../../../Users/User/Documents/GitHub/GameCapstoneDesignProject/GameCapstone/Content/StarterContent/Audio/Collapse02.uasset" 105
"../../../../../../Users/User/Documents/GitHub/GameCapstoneDesignProject/GameCapstone/Content/StarterContent/Audio/Explosion01.uasset" 106
"../../../../../../Users/User/Documents/GitHub/GameCapstoneDesignProject/GameCapstone/Content/StarterContent/Audio/Explosion02.uasset" 107
"../../../../../../Users/User/Documents/GitHub/GameCapstoneDesignProject/GameCapstone/Content/StarterContent/Audio/Fire01.uasset" 108
"../../../../../../Users/User/Documents/GitHub/GameCapstoneDesignProject/GameCapstone/Content/StarterContent/Audio/Fire_Sparks01.uasset" 109
"../../../../../../Users/User/Documents/GitHub/GameCapstoneDesignProject/GameCapstone/Content/StarterContent/Audio/Light01.uasset" 110
"../../../../../../Users/User/Documents/GitHub/GameCapstoneDesignProject/GameCapstone/Content/StarterContent/Audio/Light01_Cue.uasset" 111
"../../../../../../Users/User/Documents/GitHub/GameCapstoneDesignProject/GameCapstone/Content/StarterContent/Audio/Light02.uasset" 112
"../../../../../../Users/User/Documents/GitHub/GameCapstoneDesignProject/GameCapstone/Content/StarterContent/Audio/Light02_Cue.uasset" 113
"../../../../../../Users/User/Documents/GitHub/GameCapstoneDesignProject/GameCapstone/Content/StarterContent/Audio/Smoke01.uasset" 114
"../../../../../../Users/User/Documents/GitHub/GameCapstoneDesignProject/GameCapstone/Content/StarterContent/Audio/Starter_Birds01.uasset" 115
"../../../../../../Users/User/Documents/GitHub/GameCapstoneDesignProject/GameCapstone/Content/StarterContent/Audio/Starter_Music01.uasset" 116
"../../../../../../Users/User/Documents/GitHub/GameCapstoneDesignProject/GameCapstone/Content/StarterContent/Audio/Starter_Wind05.uasset" 117
"../../../../../../Users/User/Documents/GitHub/GameCapstoneDesignProject/GameCapstone/Content/StarterContent/Audio/Starter_Wind06.uasset" 118
"../../../../../../Users/User/Documents/GitHub/GameCapstoneDesignProject/GameCapstone/Content/StarterContent/Audio/Steam01.uasset" 119
"../../../../../../Users/User/Documents/GitHub/GameCapstoneDesignProject/GameCapstone/Content/StarterContent/Audio/Explosion_Cue.uasset" 120
"../../../../../../Users/User/Documents/GitHub/GameCapstoneDesignProject/GameCapstone/Content/StarterContent/Textures/T_Smoke_Tiled_D.uasset" 121
"../../../../../../Users/User/Documents/GitHub/GameCapstoneDesignProject/GameCapstone/Content/StarterContent/Textures/T_Smoke_SubUV.uasset" 122
"../../../../../../Users/User/Documents/GitHub/GameCapstoneDesignProject/GameCapstone/Content/StarterContent/Particles/Materials/M_smoke_subUV.uasset" 123
"../../../Engine/Content/Functions/Engine_MaterialFunctions01/Gradient/RadialGradient.uasset" 124
"../../../../../../Users/User/Documents/GitHub/GameCapstoneDesignProject/GameCapstone/Content/StarterContent/Particles/Materials/M_radial_ramp.uasset" 125
"../../../../../../Users/User/Documents/GitHub/GameCapstoneDesignProject/GameCapstone/Content/StarterContent/Particles/Materials/m_flare_01.uasset" 126
"../../../../../../Users/User/Documents/GitHub/GameCapstoneDesignProject/GameCapstone/Content/StarterContent/Textures/T_Explosion_SubUV.uasset" 127
"../../../../../../Users/User/Documents/GitHub/GameCapstoneDesignProject/GameCapstone/Content/StarterContent/Particles/Materials/M_explosion_subUV.uasset" 128
"../../../../../../Users/User/Documents/GitHub/GameCapstoneDesignProject/GameCapstone/Content/StarterContent/Textures/T_Burst_M.uasset" 129
"../../../../../../Users/User/Documents/GitHub/GameCapstoneDesignProject/GameCapstone/Content/StarterContent/Particles/Materials/M_Burst.uasset" 130
"../../../../../../Users/User/Documents/GitHub/GameCapstoneDesignProject/GameCapstone/Content/StarterContent/Particles/P_Explosion.uasset" 131
"../../../../../../Users/User/Documents/GitHub/GameCapstoneDesignProject/GameCapstone/Content/StarterContent/Blueprints/Blueprint_Effect_Explosion.uasset" 132
"../../../Engine/Content/EditorMeshes/ColorCalibrator/T_ColorGrid.uasset" 133
"../../../../../../Users/User/Documents/GitHub/GameCapstoneDesignProject/GameCapstone/Content/StarterContent/Materials/M_ColorGrid_LowSpec.uasset" 134
"../../../../../../Users/User/Documents/GitHub/GameCapstoneDesignProject/GameCapstone/Content/StarterContent/Textures/T_Bush_N.uasset" 135
"../../../../../../Users/User/Documents/GitHub/GameCapstoneDesignProject/GameCapstone/Content/StarterContent/Textures/T_Bush_D.uasset" 136
"../../../../../../Users/User/Documents/GitHub/GameCapstoneDesignProject/GameCapstone/Content/StarterContent/Props/Materials/M_Bush.uasset" 137
"../../../../../../Users/User/Documents/GitHub/GameCapstoneDesignProject/GameCapstone/Content/StarterContent/Props/SM_Bush.uasset" 138
"../../../../../../Users/User/Documents/GitHub/GameCapstoneDesignProject/GameCapstone/Content/StarterContent/Textures/T_Chair_N.uasset" 139
"../../../../../../Users/User/Documents/GitHub/GameCapstoneDesignProject/GameCapstone/Content/StarterContent/Textures/T_Chair_M.uasset" 140
"../../../../../../Users/User/Documents/GitHub/GameCapstoneDesignProject/GameCapstone/Content/StarterContent/Props/Materials/M_Chair.uasset" 141
"../../../../../../Users/User/Documents/GitHub/GameCapstoneDesignProject/GameCapstone/Content/StarterContent/Props/SM_Couch.uasset" 142
"../../../../../../Users/User/Documents/GitHub/GameCapstoneDesignProject/GameCapstone/Content/StarterContent/Textures/T_Door_N.uasset" 143
"../../../../../../Users/User/Documents/GitHub/GameCapstoneDesignProject/GameCapstone/Content/StarterContent/Textures/T_Door_M.uasset" 144
"../../../../../../Users/User/Documents/GitHub/GameCapstoneDesignProject/GameCapstone/Content/StarterContent/Props/Materials/M_Door.uasset" 145
"../../../../../../Users/User/Documents/GitHub/GameCapstoneDesignProject/GameCapstone/Content/StarterContent/Materials/M_Glass.uasset" 146
"../../../../../../Users/User/Documents/GitHub/GameCapstoneDesignProject/GameCapstone/Content/StarterContent/Props/SM_Door.uasset" 147
"../../../../../../Users/User/Documents/GitHub/GameCapstoneDesignProject/GameCapstone/Content/StarterContent/Props/Materials/M_MaterialSphere_Plain.uasset" 148
"../../../../../../Users/User/Documents/GitHub/GameCapstoneDesignProject/GameCapstone/Content/StarterContent/Props/Materials/M_MaterialSphere.uasset" 149
"../../../../../../Users/User/Documents/GitHub/GameCapstoneDesignProject/GameCapstone/Content/StarterContent/Props/SM_MatPreviewMesh_02.uasset" 150
"../../../../../../Users/User/Documents/GitHub/GameCapstoneDesignProject/GameCapstone/Content/StarterContent/Textures/T_RockMesh_N.uasset" 151
"../../../../../../Users/User/Documents/GitHub/GameCapstoneDesignProject/GameCapstone/Content/StarterContent/Textures/T_RockMesh_M.uasset" 152
"../../../../../../Users/User/Documents/GitHub/GameCapstoneDesignProject/GameCapstone/Content/StarterContent/Textures/T_Rock_Basalt_D.uasset" 153
"../../../../../../Users/User/Documents/GitHub/GameCapstoneDesignProject/GameCapstone/Content/StarterContent/Textures/T_Detail_Rocky_N.uasset" 154
"../../../../../../Users/User/Documents/GitHub/GameCapstoneDesignProject/GameCapstone/Content/StarterContent/Props/Materials/M_Rock.uasset" 155
"../../../../../../Users/User/Documents/GitHub/GameCapstoneDesignProject/GameCapstone/Content/StarterContent/Props/SM_Rock.uasset" 156
"../../../../../../Users/User/Documents/GitHub/GameCapstoneDesignProject/GameCapstone/Content/StarterContent/Textures/T_Shelf_N.uasset" 157
"../../../../../../Users/User/Documents/GitHub/GameCapstoneDesignProject/GameCapstone/Content/StarterContent/Textures/T_Shelf_M.uasset" 158
"../../../../../../Users/User/Documents/GitHub/GameCapstoneDesignProject/GameCapstone/Content/StarterContent/Props/Materials/M_Shelf.uasset" 159
"../../../../../../Users/User/Documents/GitHub/GameCapstoneDesignProject/GameCapstone/Content/StarterContent/Props/SM_Shelf.uasset" 160
"../../../../../../Users/User/Documents/GitHub/GameCapstoneDesignProject/GameCapstone/Content/StarterContent/Materials/M_Basic_Floor.uasset" 161
"../../../../../../Users/User/Documents/GitHub/GameCapstoneDesignProject/GameCapstone/Content/StarterContent/Props/SM_Stairs.uasset" 162
"../../../../../../Users/User/Documents/GitHub/GameCapstoneDesignProject/GameCapstone/Content/StarterContent/Shapes/Shape_Cone.uasset" 163
"../../../../../../Users/User/Documents/GitHub/GameCapstoneDesignProject/GameCapstone/Content/StarterContent/Shapes/Shape_Cylinder.uasset" 164
"../../../../../../Users/User/Documents/GitHub/GameCapstoneDesignProject/GameCapstone/Content/StarterContent/Shapes/Shape_NarrowCapsule.uasset" 165
"../../../../../../Users/User/Documents/GitHub/GameCapstoneDesignProject/GameCapstone/Content/StarterContent/Shapes/Shape_Pipe.uasset" 166
"../../../../../../Users/User/Documents/GitHub/GameCapstoneDesignProject/GameCapstone/Content/StarterContent/Shapes/Shape_Pipe_180.uasset" 167
"../../../../../../Users/User/Documents/GitHub/GameCapstoneDesignProject/GameCapstone/Content/StarterContent/Shapes/Shape_Pipe_90.uasset" 168
"../../../../../../Users/User/Documents/GitHub/GameCapstoneDesignProject/GameCapstone/Content/StarterContent/Shapes/Shape_Plane.uasset" 169
"../../../../../../Users/User/Documents/GitHub/GameCapstoneDesignProject/GameCapstone/Content/StarterContent/Shapes/Shape_Torus.uasset" 170
"../../../../../../Users/User/Documents/GitHub/GameCapstoneDesignProject/GameCapstone/Content/StarterContent/Shapes/Shape_Trim.uasset" 171
"../../../../../../Users/User/Documents/GitHub/GameCapstoneDesignProject/GameCapstone/Content/StarterContent/Shapes/Shape_Trim_90_In.uasset" 172
"../../../../../../Users/User/Documents/GitHub/GameCapstoneDesignProject/GameCapstone/Content/StarterContent/Shapes/Shape_Trim_90_Out.uasset" 173
"../../../../../../Users/User/Documents/GitHub/GameCapstoneDesignProject/GameCapstone/Content/StarterContent/Shapes/Shape_TriPyramid.uasset" 174
"../../../../../../Users/User/Documents/GitHub/GameCapstoneDesignProject/GameCapstone/Content/StarterContent/Shapes/Shape_Tube.uasset" 175
"../../../../../../Users/User/Documents/GitHub/GameCapstoneDesignProject/GameCapstone/Content/StarterContent/Shapes/Shape_Wedge_A.uasset" 176
"../../../../../../Users/User/Documents/GitHub/GameCapstoneDesignProject/GameCapstone/Content/StarterContent/Shapes/Shape_Wedge_B.uasset" 177
"../../../../../../Users/User/Documents/GitHub/GameCapstoneDesignProject/GameCapstone/Content/StarterContent/Shapes/Shape_WideCapsule.uasset" 178
"../../../../../../Users/User/Documents/GitHub/GameCapstoneDesignProject/GameCapstone/Content/ThirdPerson/Meshes/RampMaterial.uasset" 179
"../../../../../../Users/User/Documents/GitHub/GameCapstoneDesignProject/GameCapstone/Content/ThirdPerson/Meshes/Bump_StaticMesh.uasset" 180
"../../../../../../Users/User/Documents/GitHub/GameCapstoneDesignProject/GameCapstone/Content/ThirdPerson/Meshes/LeftArm_StaticMesh.uasset" 181
"../../../../../../Users/User/Documents/GitHub/GameCapstoneDesignProject/GameCapstone/Content/ThirdPerson/Meshes/Linear_Stair_StaticMesh.uasset" 182
"../../../../../../Users/User/Documents/GitHub/GameCapstoneDesignProject/GameCapstone/Content/ThirdPerson/Meshes/Ramp_StaticMesh.uasset" 183
"../../../../../../Users/User/Documents/GitHub/GameCapstoneDesignProject/GameCapstone/Content/ThirdPerson/Meshes/RightArm_StaticMesh.uasset" 184
"../../../../../../Users/User/Documents/GitHub/GameCapstoneDesignProject/GameCapstone/Content/ThirdPersonBP/BoneMapping_TEST.uasset" 185
"../../../../../../Users/User/Documents/GitHub/GameCapstoneDesignProject/GameCapstone/Content/ThirdPersonBP/WalkingBase_Skeleton.uasset" 186
"../../../../../../Users/User/Documents/GitHub/GameCapstoneDesignProject/GameCapstone/Content/ThirdPersonBP/Falling_Down_mixamo_com.uasset" 187
"../../../../../../Users/User/Documents/GitHub/GameCapstoneDesignProject/GameCapstone/Content/ThirdPersonBP/Falling_Down_Take_001.uasset" 188
"../../../../../../Users/User/Documents/GitHub/GameCapstoneDesignProject/GameCapstone/Content/ThirdPersonBP/Kneeling_Down_mixamo_com.uasset" 189
"../../../../../../Users/User/Documents/GitHub/GameCapstoneDesignProject/GameCapstone/Content/ThirdPersonBP/Kneeling_Down_Take_001.uasset" 190
"../../../../../../Users/User/Documents/GitHub/GameCapstoneDesignProject/GameCapstone/Content/ThirdPersonBP/ThirdPersonOverview.uasset" 191
"../../../../../../Users/User/Documents/GitHub/GameCapstoneDesignProject/GameCapstone/Content/ThirdPersonBP/WalkingBase_PhysicsAsset.uasset" 192
"../../../../../../Users/User/Documents/GitHub/GameCapstoneDesignProject/GameCapstone/Content/ThirdPersonBP/Beta_Joints_MAT1.uasset" 193
"../../../../../../Users/User/Documents/GitHub/GameCapstoneDesignProject/GameCapstone/Content/ThirdPersonBP/Beta_HighLimbsGeoSG3.uasset" 194
"../../../../../../Users/User/Documents/GitHub/GameCapstoneDesignProject/GameCapstone/Content/ThirdPersonBP/WalkingBase.uasset" 195
"../../../../../../Users/User/Documents/GitHub/GameCapstoneDesignProject/GameCapstone/Content/ThirdPersonBP/Zombie_Stand_Up_mixamo_com.uasset" 196
"../../../../../../Users/User/Documents/GitHub/GameCapstoneDesignProject/GameCapstone/Content/ThirdPersonBP/Zombie_Stand_Up_Take_001.uasset" 197
"../../../../../../Users/User/Documents/GitHub/GameCapstoneDesignProject/GameCapstone/Content/ThirdPersonBP/Zombie_Stand_Up__1__mixamo_com.uasset" 198
"../../../../../../Users/User/Documents/GitHub/GameCapstoneDesignProject/GameCapstone/Content/ThirdPersonBP/Zombie_Stand_Up__1__Take_001.uasset" 199
"../../../../../../Users/User/Documents/GitHub/GameCapstoneDesignProject/GameCapstone/Content/ThirdPersonBP/T_HealthBar.uasset" 200
"../../../../../../Users/User/Documents/GitHub/GameCapstoneDesignProject/GameCapstone/Content/ThirdPersonBP/Blueprints/UI/MAT_ProgressBar.uasset" 201
"../../../../../../Users/User/Documents/GitHub/GameCapstoneDesignProject/GameCapstone/Content/ThirdPersonBP/Blueprints/UI/MI_ProgressBar_2.uasset" 202
"../../../../../../Users/User/Documents/GitHub/GameCapstoneDesignProject/GameCapstone/Content/ThirdPersonBP/Blueprints/UI/BP_StateWidget.uasset" 203
"../../../../../../Users/User/Documents/GitHub/GameCapstoneDesignProject/GameCapstone/Content/ThirdPersonBP/Blueprints/UI/BI_HealthInterface.uasset" 204
"../../../../../../Users/User/Documents/GitHub/GameCapstoneDesignProject/GameCapstone/Content/ThirdPersonBP/Blueprints/UI/BP_HealthWidget.uasset" 205
"../../../../../../Users/User/Documents/GitHub/GameCapstoneDesignProject/GameCapstone/Content/ThirdPersonBP/Blueprints/UI/BP_HUDWidget.uasset" 206
"../../Plugins/FX/Niagara/Content/Enums/ENiagaraSystemInactiveMode.uasset" 207
"../../Plugins/FX/Niagara/Content/Enums/ENiagara_EmitterStateOptions.uasset" 208
"../../Plugins/FX/Niagara/Content/Functions/System/SystemChangeState.uasset" 209
"../../Plugins/FX/Niagara/Content/Modules/System/SystemState.uasset" 210
"../../Plugins/FX/Niagara/Content/Enums/ENiagaraRandomnessMode.uasset" 211
"../../Plugins/FX/Niagara/Content/Enums/ENiagaraInactiveMode.uasset" 212
"../../Plugins/FX/Niagara/Content/Enums/ENiagaraEmitterLifeCycleMode.uasset" 213
"../../Plugins/FX/Niagara/Content/Enums/ENiagaraChannelCorrelation.uasset" 214
"../../Plugins/FX/Niagara/Content/Enums/ENiagara_UVFlippingMode.uasset" 215
"../../Plugins/FX/Niagara/Content/Enums/ENiagara_SpriteRotationMode.uasset" 216
"../../Plugins/FX/Niagara/Content/Enums/ENiagara_SizeScaleMode.uasset" 217
"../../Plugins/FX/Niagara/Content/Enums/ENiagara_PositionInitializationMode.uasset" 218
"../../Plugins/FX/Niagara/Content/Enums/ENiagara_MassInitializationMode.uasset" 219
"../../Plugins/FX/Niagara/Content/Enums/ENiagara_LifetimeMode.uasset" 220
"../../Plugins/FX/Niagara/Content/Enums/ENiagara_InfiniteLoopDuration.uasset" 221
"../../Plugins/FX/Niagara/Content/Enums/ENiagara_ColorInitializationMode.uasset" 222
"../../Plugins/FX/Niagara/Content/Modules/Update/Lifetime/ParticleState.uasset" 223
"../../Plugins/FX/Niagara/Content/Modules/Update/Color/Color.uasset" 224
"../../Plugins/FX/Niagara/Content/Enums/ENiagaraCoordinateSpace.uasset" 225
"../../Plugins/FX/Niagara/Content/Enums/ENiagaraRandomnessEvaluation.uasset" 226
"../../Plugins/FX/Niagara/Content/Functions/V2/CalculateRandomRange.uasset" 227
"../../Plugins/FX/Niagara/Content/Functions/V2/CalculateRandomRangeFloat.uasset" 228
"../../Plugins/FX/Niagara/Content/Functions/V2/CalculateRandomRangeInteger.uasset" 229
"../../Plugins/FX/Niagara/Content/Functions/V2/CalculateRandomBool.uasset" 230
"../../Plugins/FX/Niagara/Content/Functions/Localspace/TransformBase.uasset" 231
"../../Plugins/FX/Niagara/Content/Functions/Localspace/TransformVector.uasset" 232
"../../Plugins/FX/Niagara/Content/Functions/LinearColor/HueShiftLinearColor.uasset" 233
"../../Plugins/FX/Niagara/Content/Functions/Localspace/SimulationPosition.uasset" 234
"../../Plugins/FX/Niagara/Content/Modules/Spawn/Initialization/V2/InitializeParticle.uasset" 235
"../../Plugins/FX/Niagara/Content/Functions/GetRandomInfo.uasset" 236
"../../Plugins/FX/Niagara/Content/Functions/RandomRangeFloat.uasset" 237
"../../Plugins/FX/Niagara/Content/Modules/Spawn/Initialization/InitializeRibbon.uasset" 238
"../../Plugins/FX/Niagara/Content/Functions/DirectionAndLengthSafe.uasset" 239
"../../Plugins/FX/Niagara/Content/Modules/Solvers/SolveForcesAndVelocity.uasset" 240
"../../Plugins/FX/Niagara/Content/Modules/Ribbons/ScaleRibbonWidth.uasset" 241
"../../Plugins/FX/Niagara/Content/Modules/Emitter/SpawnRate.uasset" 242
"../../Plugins/FX/Niagara/Content/Enums/ENiagaraEmitterScalabilityMode_Limited.uasset" 243
"../../Plugins/FX/Niagara/Content/Enums/ENiagaraExecutionStateManagement.uasset" 244
"../../Plugins/FX/Niagara/Content/Functions/Emitter/EmitterChangeState.uasset" 245
"../../Plugins/FX/Niagara/Content/Modules/Emitter/EmitterState.uasset" 246
"../../Plugins/FX/Niagara/Content/DynamicInputs/ValueFromCurve/FloatFromCurve.uasset" 247
"../../Plugins/FX/Niagara/Content/DefaultAssets/DefaultRIbbonMaterial.uasset" 248
"../../../../../../Users/User/Documents/GitHub/GameCapstoneDesignProject/GameCapstone/Content/ThirdPersonBP/Blueprints/Effects/NE_AttackTrail.uasset" 249
"../../../../../../Users/User/Documents/GitHub/GameCapstoneDesignProject/GameCapstone/Content/ThirdPersonBP/Blueprints/Effects/NE_AttackTrail_System.uasset" 250
"../../../../../../Users/User/Documents/GitHub/GameCapstoneDesignProject/GameCapstone/Content/StarterContent/Particles/P_Explosion_2.uasset" 251
"../../../../../../Users/User/Documents/GitHub/GameCapstoneDesignProject/GameCapstone/Content/ThirdPersonBP/Blueprints/Effects/BP_HitEffect.uasset" 252
"../../../../../../Users/User/Documents/GitHub/GameCapstoneDesignProject/GameCapstone/Content/Mannequin/Character/Mesh/SK_Mannequin_PhysicsAsset.uasset" 253
"../../../../../../Users/User/Documents/GitHub/GameCapstoneDesignProject/GameCapstone/Content/Mannequin/Character/Mesh/SK_Mannequin.uasset" 254
"../../../../../../Users/User/Documents/GitHub/GameCapstoneDesignProject/GameCapstone/Content/CloseCombatAnimSet/Animations/RootMotion/Attacks/NinjaStraightKick.uasset" 255
"../../../../../../Users/User/Documents/GitHub/GameCapstoneDesignProject/GameCapstone/Content/CloseCombatAnimSet/Animations/InPlace/HitReactions/NinjaKnockdownStomach.uasset" 256
"../../../../../../Users/User/Documents/GitHub/GameCapstoneDesignProject/GameCapstone/Content/CloseCombatAnimSet/Animations/InPlace/HitReactions/NinjaTorsoHit_01.uasset" 257
"../../../../../../Users/User/Documents/GitHub/GameCapstoneDesignProject/GameCapstone/Content/Mannequin/Animations/AN_Movement.uasset" 258
"../../../../../../Users/User/Documents/GitHub/GameCapstoneDesignProject/GameCapstone/Content/CloseCombatAnimSet/Animations/RootMotion/Attacks/NinjaLeftJab.uasset" 259
"../../../../../../Users/User/Documents/GitHub/GameCapstoneDesignProject/GameCapstone/Content/Mannequin/Animations/ThirdPersonWalk.uasset" 260
"../../../../../../Users/User/Documents/GitHub/GameCapstoneDesignProject/GameCapstone/Content/Mannequin/Animations/ThirdPersonIdle.uasset" 261
"../../../../../../Users/User/Documents/GitHub/GameCapstoneDesignProject/GameCapstone/Content/Mannequin/Animations/Fast_Run__1__mixamo_com.uasset" 262
"../../../../../../Users/User/Documents/GitHub/GameCapstoneDesignProject/GameCapstone/Content/Mannequin/Animations/ThirdPerson_IdleDash_2D.uasset" 263
"../../../../../../Users/User/Documents/GitHub/GameCapstoneDesignProject/GameCapstone/Content/Mannequin/Animations/ThirdPerson_RightStrafe.uasset" 264
"../../../../../../Users/User/Documents/GitHub/GameCapstoneDesignProject/GameCapstone/Content/Mannequin/Animations/ThirdPerson_LeftStrafe.uasset" 265
"../../../../../../Users/User/Documents/GitHub/GameCapstoneDesignProject/GameCapstone/Content/Mannequin/Animations/ThirdPersonRun.uasset" 266
"../../../../../../Users/User/Documents/GitHub/GameCapstoneDesignProject/GameCapstone/Content/Mannequin/Animations/ThirdPerson_LockOn.uasset" 267
"../../../../../../Users/User/Documents/GitHub/GameCapstoneDesignProject/GameCapstone/Content/Mannequin/Animations/ThirdPerson_Exhaust.uasset" 268
"../../../Engine/Content/EditorBlueprintResources/StandardMacros.uasset" 269
"../../../../../../Users/User/Documents/GitHub/GameCapstoneDesignProject/GameCapstone/Content/Mannequin/Animations/ThirdPerson_RunForward.uasset" 270
"../../../../../../Users/User/Documents/GitHub/GameCapstoneDesignProject/GameCapstone/Content/Mannequin/Animations/ThirdPerson_IdleRun_2D.uasset" 271
"../../../../../../Users/User/Documents/GitHub/GameCapstoneDesignProject/GameCapstone/Content/Mannequin/Animations/Walking_mixamo_com.uasset" 272
"../../../../../../Users/User/Documents/GitHub/GameCapstoneDesignProject/GameCapstone/Content/Mannequin/Animations/ThirdPerson_Exhaust_2.uasset" 273
"../../../../../../Users/User/Documents/GitHub/GameCapstoneDesignProject/GameCapstone/Content/CloseCombatAnimSet/Animations/RootMotion/Evades/NinjaRightEvade.uasset" 274
"../../../../../../Users/User/Documents/GitHub/GameCapstoneDesignProject/GameCapstone/Content/CloseCombatAnimSet/Animations/RootMotion/Evades/NinjaLeftEvade.uasset" 275
"../../../../../../Users/User/Documents/GitHub/GameCapstoneDesignProject/GameCapstone/Content/CloseCombatAnimSet/Animations/RootMotion/Blocks/ThirdPerson_Block.uasset" 276
"../../../../../../Users/User/Documents/GitHub/GameCapstoneDesignProject/GameCapstone/Content/CloseCombatAnimSet/Animations/InPlace/Attacks/NinjaWheelKick.uasset" 277
"../../../../../../Users/User/Documents/GitHub/GameCapstoneDesignProject/GameCapstone/Content/CloseCombatAnimSet/Animations/InPlace/Attacks/NinjaRightUppercut.uasset" 278
"../../../../../../Users/User/Documents/GitHub/GameCapstoneDesignProject/GameCapstone/Content/CloseCombatAnimSet/Animations/InPlace/Attacks/NinjaRightCross.uasset" 279
"../../../../../../Users/User/Documents/GitHub/GameCapstoneDesignProject/GameCapstone/Content/CloseCombatAnimSet/Animations/InPlace/Attacks/NinjaLowRightThaiKick.uasset" 280
"../../../../../../Users/User/Documents/GitHub/GameCapstoneDesignProject/GameCapstone/Content/ThirdPerson_Standing_2.uasset" 281
"../../../../../../Users/User/Documents/GitHub/GameCapstoneDesignProject/GameCapstone/Content/ThirdPerson_Evade_Right.uasset" 282
"../../../../../../Users/User/Documents/GitHub/GameCapstoneDesignProject/GameCapstone/Content/ThirdPerson_Evade_Left.uasset" 283
"../../../../../../Users/User/Documents/GitHub/GameCapstoneDesignProject/GameCapstone/Content/Mannequin/Animations/ThirdPerson_AnimBP.uasset" 284
"../../../../../../Users/User/Documents/GitHub/GameCapstoneDesignProject/GameCapstone/Content/ThirdPersonBP/Blueprints/UI/MI_ProgressBar.uasset" 285
"../../../../../../Users/User/Documents/GitHub/GameCapstoneDesignProject/GameCapstone/Content/ThirdPersonBP/Blueprints/UI/BP_EnemyStateWidget.uasset" 286
"../../../../../../Users/User/Documents/GitHub/GameCapstoneDesignProject/GameCapstone/Content/ThirdPersonBP/Blueprints/UI/BP_EnemyHealthWidget.uasset" 287
"../../../../../../Users/User/Documents/GitHub/GameCapstoneDesignProject/GameCapstone/Content/ThirdPersonBP/Blueprints/UI/BP_EnemyHUDWidget.uasset" 288
"../../../Engine/Content/Functions/Engine_MaterialFunctions01/Density/ExponentialDensity.uasset" 289
"../../../Engine/Content/Functions/Engine_MaterialFunctions01/Gradient/RadialGradientExponential.uasset" 290
"../../../../../../Users/User/Documents/GitHub/GameCapstoneDesignProject/GameCapstone/Content/ThirdPersonBP/Blueprints/Effects/M_LockOnEffect.uasset" 291
"../../../../../../Users/User/Documents/GitHub/GameCapstoneDesignProject/GameCapstone/Content/Mannequin/Animations/ThirdPersonJump_Start.uasset" 292
"../../../../../../Users/User/Documents/GitHub/GameCapstoneDesignProject/GameCapstone/Content/Mannequin/Animations/ThirdPersonJump_Loop.uasset" 293
"../../../../../../Users/User/Documents/GitHub/GameCapstoneDesignProject/GameCapstone/Content/Mannequin/Animations/ThirdPerson_TorsoHit_Center.uasset" 294
"../../../../../../Users/User/Documents/GitHub/GameCapstoneDesignProject/GameCapstone/Content/Mannequin/Animations/ThirdPerson_RibHit_Left.uasset" 295
"../../../../../../Users/User/Documents/GitHub/GameCapstoneDesignProject/GameCapstone/Content/Mannequin/Animations/ThirdPerson_LegHit_Left.uasset" 296
"../../../../../../Users/User/Documents/GitHub/GameCapstoneDesignProject/GameCapstone/Content/Mannequin/Animations/ThirdPerson_LefHit_Right.uasset" 297
"../../../../../../Users/User/Documents/GitHub/GameCapstoneDesignProject/GameCapstone/Content/Mannequin/Animations/ThirdPerson_Jump.uasset" 298
"../../../../../../Users/User/Documents/GitHub/GameCapstoneDesignProject/GameCapstone/Content/Mannequin/Animations/Enemy_AnimBP.uasset" 299
"../../../../../../Users/User/Documents/GitHub/GameCapstoneDesignProject/GameCapstone/Content/ThirdPersonBP/Blueprints/BP_Enemy.uasset" 300
"../../../../../../Users/User/Documents/GitHub/GameCapstoneDesignProject/GameCapstone/Content/ThirdPersonBP/Blueprints/ThirdPersonCharacter.uasset" 301
"../../../../../../Users/User/Documents/GitHub/GameCapstoneDesignProject/GameCapstone/Content/ThirdPersonBP/Blueprints/BP_DeadCam.uasset" 302
"../../../../../../Users/User/Documents/GitHub/GameCapstoneDesignProject/GameCapstone/Content/ThirdPersonBP/Blueprints/ThirdPersonGameMode.uasset" 303
"../../Plugins/FX/Niagara/Content/Enums/ENiagaraTorusMode.uasset" 304
"../../Plugins/FX/Niagara/Content/Enums/ENiagaraTorusDistributionMode.uasset" 305
"../../Plugins/FX/Niagara/Content/Functions/Rotation/MultiplyVectorWithQuaternion.uasset" 306
"../../Plugins/FX/Niagara/Content/Functions/Rotation/FindQuatBetween.uasset" 307
"../../Plugins/FX/Niagara/Content/Functions/RandomRange.uasset" 308
"../../Plugins/FX/Niagara/Content/Functions/PolarToCartesianCoordinates.uasset" 309
"../../Plugins/FX/Niagara/Content/Functions/ParametricTorusKnot.uasset" 310
"../../Plugins/FX/Niagara/Content/Functions/ParametricTorus.uasset" 311
"../../Plugins/FX/Niagara/Content/Functions/Rotation/AxisAngleToQuaternion.uasset" 312
"../../Plugins/FX/Niagara/Content/Functions/Rotation/MultiplyQuaternion.uasset" 313
"../../Plugins/FX/Niagara/Content/Modules/Spawn/Location/TorusLocation.uasset" 314
"../../../../../../Users/User/Documents/GitHub/GameCapstoneDesignProject/GameCapstone/Content/ThirdPersonBP/Blueprints/Effects/NE_LockOn.uasset" 315
"../../../../../../Users/User/Documents/GitHub/GameCapstoneDesignProject/GameCapstone/Content/ThirdPersonBP/Blueprints/Effects/NE_LockOn_System.uasset" 316
"../../../../../../Users/User/Documents/GitHub/GameCapstoneDesignProject/GameCapstone/Content/ThirdPersonBP/Blueprints/Enemy/BTT_GetRandomLocation.uasset" 317
"../../../../../../Users/User/Documents/GitHub/GameCapstoneDesignProject/GameCapstone/Content/ThirdPersonBP/Blueprints/Enemy/BB_Enemy.uasset" 318
"../../../../../../Users/User/Documents/GitHub/GameCapstoneDesignProject/GameCapstone/Content/ThirdPersonBP/Blueprints/Enemy/BT_Enemy.uasset" 319
"../../../../../../Users/User/Documents/GitHub/GameCapstoneDesignProject/GameCapstone/Content/ThirdPersonBP/Blueprints/Enemy/MyAIController.uasset" 320
"../../../Engine/Content/Functions/Engine_MaterialFunctions01/Opacity/CameraDepthFade.uasset" 321
"../../../Engine/Content/EngineMaterials/T_Default_Material_Grid_N.uasset" 322
"../../../Engine/Content/EngineMaterials/T_Default_Material_Grid_M.uasset" 323
"../../../Engine/Content/EngineMaterials/WorldGridMaterial.uasset" 324
"../../../Engine/Content/ArtTools/RenderToTexture/Meshes/S_1_Unit_Plane.uasset" 325
"../../../Engine/Content/EngineMaterials/DefaultMaterial.uasset" 326
"../../../Engine/Content/BasicShapes/Cone.uasset" 327
"../../../Engine/Content/BasicShapes/Plane.uasset" 328
"../../../Engine/Content/EditorLandscapeResources/DataLayer.uasset" 329
"../../../Engine/Content/EditorLandscapeResources/DefaultAlphaTexture.uasset" 330
"../../../Engine/Content/EditorMaterials/MAT_Groups_Toggle.uasset" 331
"../../../Engine/Content/EditorMaterials/MAT_Groups_Visibility.uasset" 332
"../../../Engine/Content/EditorMaterials/PreviewShadowIndicator.uasset" 333
"../../../Engine/Content/EditorMaterials/PreviewShadowIndicatorMaterial.uasset" 334
"../../../Engine/Content/EditorMaterials/MatineeGroups/MAT_ColorTrack.uasset" 335
"../../../Engine/Content/EditorMaterials/MatineeGroups/MAT_Groups_Anim.uasset" 336
"../../../Engine/Content/EditorMaterials/MatineeGroups/MAT_Groups_AudioMaster.uasset" 337
"../../../Engine/Content/EditorMaterials/MatineeGroups/MAT_Groups_Director.uasset" 338
"../../../Engine/Content/EditorMaterials/MatineeGroups/MAT_Groups_Event.uasset" 339
"../../../Engine/Content/EditorMaterials/MatineeGroups/MAT_Groups_Fade.uasset" 340
"../../../Engine/Content/EditorMaterials/MatineeGroups/MAT_Groups_Float.uasset" 341
"../../../Engine/Content/EditorMaterials/MatineeGroups/MAT_Groups_Move.uasset" 342
"../../../Engine/Content/EditorMaterials/MatineeGroups/MAT_Groups_Slomo.uasset" 343
"../../../Engine/Content/EditorMaterials/MatineeGroups/MAT_Groups_Sound.uasset" 344
"../../../Engine/Content/EditorMaterials/MatineeGroups/MAT_Groups_Vector.uasset" 345
"../../../Engine/Content/EditorMaterials/ParticleSystems/PSysThumbnail_NoImage.uasset" 346
"../../../Engine/Content/EditorMaterials/ParticleSystems/PSysThumbnail_OOD.uasset" 347
"../../../Engine/Content/EditorMaterials/Camera/CineMat.uasset" 348
"../../../Engine/Content/EditorMaterials/Camera/MI_CineMat_Rig.uasset" 349
"../../../Engine/Content/EditorMeshes/Camera/SM_CraneRig_Arm.uasset" 350
"../../../Engine/Content/EditorMeshes/Camera/SM_CraneRig_Base.uasset" 351
"../../../Engine/Content/EditorMeshes/Camera/SM_CraneRig_Body.uasset" 352
"../../../Engine/Content/EditorMeshes/Camera/SM_CraneRig_Mount.uasset" 353
"../../../Engine/Content/EditorMeshes/Camera/SM_RailRig_Mount.uasset" 354
"../../../Engine/Content/EditorMeshes/Camera/SM_RailRig_Track.uasset" 355
"../../../Engine/Content/EditorResources/BSPVertex.uasset" 356
"../../../Engine/Content/EditorResources/EmptyActor.uasset" 357
"../../../Engine/Content/EditorResources/S_Actor.uasset" 358
"../../../Engine/Content/EditorResources/S_Note.uasset" 359
"../../../Engine/Content/EditorResources/S_Solver.uasset" 360
"../../../Engine/Content/EditorResources/S_Terrain.uasset" 361
"../../../Engine/Content/EditorResources/S_Trigger.uasset" 362
"../../../Engine/Content/EditorResources/AudioIcons/S_AudioComponent.uasset" 363
"../../../Engine/Content/EditorResources/AudioIcons/S_AudioComponent_AutoActivate.uasset" 364
"../../../Engine/Content/EditorResources/LightIcons/S_LightError.uasset" 365
"../../../Engine/Content/EditorResources/SequenceRecorder/Countdown.uasset" 366
"../../../Engine/Content/EditorResources/SequenceRecorder/RecordingIndicator.uasset" 367
"../../../Engine/Content/EngineDamageTypes/DmgTypeBP_Environmental.uasset" 368
"../../../Engine/Content/EngineDebugMaterials/DebugEditorMaterial.uasset" 369
"../../../Engine/Content/EngineDebugMaterials/DebugMeshMaterial.uasset" 370
"../../../Engine/Content/EngineDebugMaterials/M_SimpleUnlitTranslucent.uasset" 371
"../../../Engine/Content/EngineDebugMaterials/VolumeToRender.uasset" 372
"../../../Engine/Content/Functions/Engine_MaterialFunctions02/Utility/CameraDirectionVector.uasset" 373
"../../../Engine/Content/EngineDebugMaterials/M_VolumeRenderSphereTracePP.uasset" 374
"../../../Engine/Content/EngineDebugMaterials/VertexColorMaterial.uasset" 375
"../../../Engine/Content/EngineDebugMaterials/WireframeMaterial.uasset" 376
"../../../Engine/Content/EngineFonts/Faces/RobotoRegular.uasset" 377
"../../../Engine/Content/EngineFonts/Faces/RobotoLight.uasset" 378
"../../../Engine/Content/EngineFonts/Faces/RobotoItalic.uasset" 379
"../../../Engine/Content/EngineFonts/Faces/RobotoBoldItalic.uasset" 380
"../../../Engine/Content/EngineFonts/Faces/RobotoBold.uasset" 381
"../../../Engine/Content/EngineFonts/Faces/DroidSansFallback.uasset" 382
"../../../Engine/Content/EngineFonts/Roboto.uasset" 383
"../../../Engine/Content/EngineMaterials/BaseFlattenNormalMap.uasset" 384
"../../../Engine/Content/EngineMaterials/BaseFlattenGrayscaleMap.uasset" 385
"../../../Engine/Content/EngineMaterials/BaseFlattenEmissiveMap.uasset" 386
"../../../Engine/Content/EngineMaterials/BaseFlattenDiffuseMap.uasset" 387
"../../../Engine/Content/EngineMaterials/BaseFlattenMaterial.uasset" 388
"../../../Engine/Content/EngineMaterials/BlueNoise.uasset" 389
"../../../Engine/Content/EngineMaterials/DefaultBloomKernel.uasset" 390
"../../../Engine/Content/EngineMaterials/DefaultBokeh.uasset" 391
"../../../Engine/Content/EngineMaterials/DefaultDiffuse.uasset" 392
"../../../Engine/Content/EngineMaterials/DefaultDeferredDecalMaterial.uasset" 393
"../../../Engine/Content/EngineMaterials/DefaultLightFunctionMaterial.uasset" 394
"../../../Engine/Content/EngineMaterials/DefaultPhysicalMaterial.uasset" 395
"../../../Engine/Content/Functions/Engine_MaterialFunctions02/Utility/BreakOutFloat2Components.uasset" 396
"../../../Engine/Content/EngineMaterials/DefaultPostProcessMaterial.uasset" 397
"../../../Engine/Content/EngineFonts/RobotoDistanceField.uasset" 398
"../../../Engine/Content/EngineMaterials/DefaultTextMaterialOpaque.uasset" 399
"../../../Engine/Content/EngineMaterials/DefaultWhiteGrid.uasset" 400
"../../../Engine/Content/EngineMaterials/DefaultWhiteGrid_Low.uasset" 401
"../../../Engine/Content/EngineMaterials/EmissiveMeshMaterial.uasset" 402
"../../../Engine/Content/EngineMaterials/GizmoMaterial.uasset" 403
"../../../Engine/Content/EngineMaterials/Good64x64TilingNoiseHighFreq.uasset" 404
"../../../Engine/Content/EngineMaterials/MiniFont.uasset" 405
"../../../Engine/Content/EngineMaterials/InvalidLightmapSettings.uasset" 406
"../../../Engine/Content/EngineMaterials/M_InvalidLightmapSettings.uasset" 407
"../../../Engine/Content/Functions/Engine_MaterialFunctions02/WorldPositionOffset/CameraOffset.uasset" 408
"../../../Engine/Content/EngineMaterials/PhAT_JointLimitMaterial.uasset" 409
"../../../Engine/Content/EngineMaterials/PreintegratedSkinBRDF.uasset" 410
"../../../Engine/Content/EngineMaterials/RemoveSurfaceMaterial.uasset" 411
"../../../Engine/Content/EngineMaterials/WeightMapPlaceholderTexture.uasset" 412
"../../../Engine/Content/EngineResources/WhiteSquareTexture.uasset" 413
"../../../Engine/Content/EngineMaterials/Widget3DPassThrough.uasset" 414
"../../../Engine/Content/EngineMaterials/Widget3DPassThrough_Masked.uasset" 415
"../../../Engine/Content/EngineMaterials/Widget3DPassThrough_Opaque.uasset" 416
"../../../Engine/Content/EngineMaterials/Widget3DPassThrough_Masked_OneSided.uasset" 417
"../../../Engine/Content/EngineMaterials/Widget3DPassThrough_Opaque_OneSided.uasset" 418
"../../../Engine/Content/EngineMaterials/Widget3DPassThrough_Translucent.uasset" 419
"../../../Engine/Content/EngineMaterials/Widget3DPassThrough_Translucent_OneSided.uasset" 420
"../../../Engine/Content/EngineMeshes/Cylinder.uasset" 421
"../../../Engine/Content/EngineMeshes/Sphere.uasset" 422
"../../../Engine/Content/EngineResources/Black.uasset" 423
"../../../Engine/Content/EngineResources/DefaultTextureCube.uasset" 424
"../../../Engine/Content/EngineResources/DefaultVolumeTexture2D.uasset" 425
"../../../Engine/Content/EngineResources/DefaultVolumeTexture.uasset" 426
"../../../Engine/Content/EngineResources/GradientTexture0.uasset" 427
"../../../Engine/Content/EngineSky/VolumetricClouds/T_NoiseShape64.uasset" 428
"../../../Engine/Content/EngineSky/VolumetricClouds/T_VolumeNoiseShape64.uasset" 429
"../../../Engine/Content/EngineSky/VolumetricClouds/T_NoiseErosion.uasset" 430
"../../../Engine/Content/EngineSky/VolumetricClouds/T_VolumeNoiseErosion32.uasset" 431
"../../../Engine/Content/EngineSky/VolumetricClouds/CloudWeatherTexture.uasset" 432
"../../../Engine/Content/EngineSky/VolumetricClouds/CloudGradientTexture.uasset" 433
"../../../Engine/Content/Functions/Engine_MaterialFunctions02/Utility/MakeFloat2.uasset" 434
"../../../Engine/Content/EngineSky/VolumetricClouds/m_SimpleVolumetricCloud.uasset" 435
"../../../Engine/Content/EngineSky/VolumetricClouds/m_SimpleVolumetricCloud_Inst.uasset" 436
"../../../Engine/Content/EngineSounds/Master.uasset" 437
"../../../Engine/Content/Functions/Engine_MaterialFunctions01/Shading/PowerToRoughness.uasset" 438
"../../../Engine/Content/Maps/Templates/Thumbnails/Default.uasset" 439
"../../../Engine/Content/Maps/Templates/Thumbnails/TimeOfDay.uasset" 440
"../../../Engine/Content/Maps/Templates/Thumbnails/VR-Basic.uasset" 441
"../../../Engine/Content/MobileResources/T_MobileControls_texture.uasset" 442
"../../../Engine/Content/MobileResources/T_MobileMenu2.uasset" 443
"../../../Engine/Content/MobileResources/HUD/AnalogHat.uasset" 444
"../../../Engine/Content/MobileResources/HUD/VirtualJoystick_Thumb.uasset" 445
"../../../Engine/Content/MobileResources/HUD/VirtualJoystick_Background.uasset" 446
"../../../Engine/Content/MobileResources/HUD/DefaultVirtualJoysticks.uasset" 447
"../../../Engine/Content/MobileResources/HUD/LeftVirtualJoystickOnly.uasset" 448
"../../../Engine/Content/MobileResources/HUD/MobileHUDButton1_off.uasset" 449
"../../../Engine/Content/MobileResources/HUD/MobileHUDButton1_on.uasset" 450
"../../../Engine/Content/MobileResources/HUD/MobileHUDButton2_off.uasset" 451
"../../../Engine/Content/MobileResources/HUD/MobileHUDButton2_on.uasset" 452
"../../../Engine/Content/MobileResources/HUD/MobileHUDButton3.uasset" 453
"../../../Engine/Content/MobileResources/HUD/MobileHUDButtonFire.uasset" 454
"../../../Engine/Content/MobileResources/HUD/MobileHUDDirectionPad.uasset" 455
"../../../Engine/Content/MobileResources/HUD/MobileHUDDirectionPad2.uasset" 456
"../../../Engine/Content/MobileResources/HUD/MobileHUDDirectionPad3.uasset" 457
"../../../Engine/Content/MobileResources/HUD/MobileHUDDirectionStick.uasset" 458
"../../../Engine/Content/MobileResources/HUD/T_Castle_ThumbstickInner.uasset" 459
"../../../Engine/Content/MobileResources/HUD/T_Castle_ThumbstickOutter.uasset" 460
"../../../Engine/Content/Tutorial/ContentIntroCurve.uasset" 461
"../../../Engine/Content/Tutorial/Basics/LevelEditorAttract.uasset" 462
"../../../Engine/Content/Tutorial/Basics/TutorialAssets/icon_tab_Levels_40x.uasset" 463
"../../../Engine/Content/Tutorial/Basics/LevelEditorOverview.uasset" 464
"../../../Engine/Content/Tutorial/BlueprintTutorials/TutorialAssets/Blueprint_64x.uasset" 465
"../../../Engine/Content/Tutorial/BlueprintTutorials/BlueprintEditorTutorial.uasset" 466
"../../../Engine/Content/VREditor/TransformGizmo/TranslucentTransformGizmoMaterial.uasset" 467
"../../../Engine/Content/VREditor/LaserPointer/VR_LaserPower_01.uasset" 468
"../../../Engine/Content/VREditor/TransformGizmo/TransformGizmoMaterial.uasset" 469
"../../../Engine/Content/VREditor/TransformGizmo/BoundingBoxCorner.uasset" 470
"../../../Engine/Content/VREditor/TransformGizmo/BoundingBoxEdge.uasset" 471
"../../../Engine/Content/VREditor/TransformGizmo/PlaneTranslationHandle.uasset" 472
"../../../Engine/Content/VREditor/TransformGizmo/Xray.uasset" 473
"../../../Engine/Content/VREditor/TransformGizmo/Main.uasset" 474
"../../../Engine/Content/VREditor/TransformGizmo/SM_Sequencer_Key.uasset" 475
"../../../Engine/Content/VREditor/TransformGizmo/SM_Sequencer_Node.uasset" 476
"../../Plugins/2D/Paper2D/Content/PlaceholderTextures/DummySpriteTexture.uasset" 477
"../../Plugins/2D/Paper2D/Content/DummySprite.uasset" 478
"../../Plugins/2D/Paper2D/Content/DefaultPaperTerrainMaterial.uasset" 479
"../../Plugins/2D/Paper2D/Content/DefaultSpriteMaterial.uasset" 480
"../../Plugins/2D/Paper2D/Content/MaskedUnlitSpriteMaterial.uasset" 481
"../../Plugins/2D/Paper2D/Content/OpaqueUnlitSpriteMaterial.uasset" 482
"../../../Engine/Content/Functions/Engine_MaterialFunctions02/Utility/BreakOutFloat3Components.uasset" 483
"../../Plugins/Editor/SpeedTreeImporter/Content/SpeedTree9/UnpackInteger3.uasset" 484
"../../Plugins/Editor/SpeedTreeImporter/Content/SpeedTree9/UnpackDirection.uasset" 485
"../../Plugins/Editor/SpeedTreeImporter/Content/SpeedTree9/game_wind_noise.uasset" 486
"../../../Engine/Content/Functions/Engine_MaterialFunctions02/SafeNormalize.uasset" 487
"../../Plugins/Editor/SpeedTreeImporter/Content/SpeedTree9/SpeedTreeWindMotion.uasset" 488
"../../Plugins/Editor/SpeedTreeImporter/Content/SpeedTree9/SpeedTreeBranchMotion.uasset" 489
"../../../Engine/Content/Functions/Engine_MaterialFunctions02/ObjectLocalBounds.uasset" 490
"../../../Engine/Content/Functions/Engine_MaterialFunctions02/UVs/BoundingBoxBased_0-1_UVW.uasset" 491
"../../Plugins/Editor/SpeedTreeImporter/Content/SpeedTree9/SpeedTreeWind.uasset" 492
"../../Plugins/Editor/SpeedTreeImporter/Content/SpeedTree9/SpeedTreeBillboard.uasset" 493
"../../../Engine/Content/EngineResources/DefaultTexture.uasset" 494
"../../Plugins/Editor/SpeedTreeImporter/Content/SpeedTree9/SpeedTreeBillboardMaster.uasset" 495
"../../Plugins/Editor/SpeedTreeImporter/Content/SpeedTree9/SpeedTreeCameraFacing.uasset" 496
"../../Plugins/Editor/SpeedTreeImporter/Content/SpeedTree9/SpeedTreeMaster.uasset" 497
"../../../Engine/Content/BasicShapes/Cylinder.uasset" 498
"../../../Engine/Content/ArtTools/RenderToTexture/Materials/Debug/M_Emissive_Color.uasset" 499
"../../Plugins/Lumin/MagicLeapPassableWorld/Content/MagicLeapARPinInfoActor.uasset" 500
"../../../Engine/Content/Functions/Engine_MaterialFunctions02/Utility/BreakOutFloat4Components.uasset" 501
"../../../Engine/Content/Functions/Engine_MaterialFunctions02/Utility/MakeFloat3.uasset" 502
"../../Plugins/Runtime/Oculus/OculusVR/Content/Materials/OculusMR_ChromaKey.uasset" 503
"../../Plugins/Runtime/Oculus/OculusVR/Content/Materials/OculusMR_OpaqueColoredMaterial.uasset" 504
"../../Plugins/Runtime/Oculus/OculusVR/Content/Materials/PokeAHoleMaterial.uasset" 505
"../../../../../../Users/User/Documents/GitHub/GameCapstoneDesignProject/GameCapstone/Content/CloseCombatAnimSet/Animations/InPlace/HitReactions/NinjaLArmHit_01.uasset" 506
"../../../../../../Users/User/Documents/GitHub/GameCapstoneDesignProject/GameCapstone/Content/CloseCombatAnimSet/Animations/InPlace/HitReactions/NinjaLLegHit_01.uasset" 507
"../../../../../../Users/User/Documents/GitHub/GameCapstoneDesignProject/GameCapstone/Content/CloseCombatAnimSet/Animations/InPlace/HitReactions/NinjaRArmHit_01.uasset" 508
"../../../../../../Users/User/Documents/GitHub/GameCapstoneDesignProject/GameCapstone/Content/CloseCombatAnimSet/Animations/InPlace/HitReactions/NinjaRLegHit_01.uasset" 509
"../../../../../../Users/User/Documents/GitHub/GameCapstoneDesignProject/GameCapstone/Content/CloseCombatAnimSet/Animations/InPlace/HitReactions/NinjaTorsoBackHit_01.uasset" 510
"../../../../../../Users/User/Documents/GitHub/GameCapstoneDesignProject/GameCapstone/Content/CloseCombatAnimSet/Animations/InPlace/Locomotion/Idle/NinjaIdle.uasset" 511
"../../../../../../Users/User/Documents/GitHub/GameCapstoneDesignProject/GameCapstone/Content/CloseCombatAnimSet/Animations/InPlace/Locomotion/Jog/NinjaJog.uasset" 512
"../../../../../../Users/User/Documents/GitHub/GameCapstoneDesignProject/GameCapstone/Content/CloseCombatAnimSet/Animations/InPlace/Locomotion/Jump/NinjaJumpFalling.uasset" 513
"../../../../../../Users/User/Documents/GitHub/GameCapstoneDesignProject/GameCapstone/Content/CloseCombatAnimSet/Animations/InPlace/Locomotion/Jump/NinjaJumpLand.uasset" 514
"../../../../../../Users/User/Documents/GitHub/GameCapstoneDesignProject/GameCapstone/Content/CloseCombatAnimSet/Animations/InPlace/Locomotion/Run/NinjaRunBackwards.uasset" 515
"../../../../../../Users/User/Documents/GitHub/GameCapstoneDesignProject/GameCapstone/Content/CloseCombatAnimSet/Animations/InPlace/Locomotion/Run/NinjaRunForward.uasset" 516
"../../../../../../Users/User/Documents/GitHub/GameCapstoneDesignProject/GameCapstone/Content/CloseCombatAnimSet/Animations/InPlace/Locomotion/Run/NinjaRunLeft.uasset" 517
"../../../../../../Users/User/Documents/GitHub/GameCapstoneDesignProject/GameCapstone/Content/CloseCombatAnimSet/Animations/InPlace/Locomotion/Run/NinjaRunRight.uasset" 518
"../../../../../../Users/User/Documents/GitHub/GameCapstoneDesignProject/GameCapstone/Content/CloseCombatAnimSet/Animations/InPlace/Locomotion/Strafe/NinjaStrafeLeft.uasset" 519
"../../../../../../Users/User/Documents/GitHub/GameCapstoneDesignProject/GameCapstone/Content/CloseCombatAnimSet/Animations/InPlace/Locomotion/Jump/NinjaJumpUp.uasset" 520
"../../../../../../Users/User/Documents/GitHub/GameCapstoneDesignProject/GameCapstone/Content/CloseCombatAnimSet/Animations/InPlace/Locomotion/Strafe/NinjaStrafeRight.uasset" 521
"../../../../../../Users/User/Documents/GitHub/GameCapstoneDesignProject/GameCapstone/Content/CloseCombatAnimSet/Animations/InPlace/Locomotion/Walk/NinjaWalkForward.uasset" 522
"../../../../../../Users/User/Documents/GitHub/GameCapstoneDesignProject/GameCapstone/Content/CloseCombatAnimSet/Animations/InPlace/Locomotion/Walk/NinjaWalkBackwards.uasset" 523
"../../../Engine/Content/MapTemplates/SM_Template_Map_Floor.uasset" 524
"../../../Engine/Content/EngineSky/T_Sky_Stars.uasset" 525
"../../../Engine/Content/EngineSky/T_Sky_Clouds_M.uasset" 526
"../../../Engine/Content/EngineSky/T_Sky_Blue.uasset" 527
"../../../Engine/Content/EngineSky/M_Sky_Panning_Clouds2.uasset" 528
"../../../../../../Users/User/Documents/GitHub/GameCapstoneDesignProject/GameCapstone/Content/CloseCombatAnimSet/Maps/ShowcaseMap_BuiltData.uasset" 529
"../../../Engine/Content/EngineSky/SM_SkySphere.uasset" 530
"../../../Engine/Content/EngineSky/C_Sky_Zenith_Color.uasset" 531
"../../../Engine/Content/EngineSky/C_Sky_Horizon_Color.uasset" 532
"../../../Engine/Content/EngineSky/C_Sky_Cloud_Color.uasset" 533
"../../../Engine/Content/EngineSky/BP_Sky_Sphere.uasset" 534
"../../../../../../Users/User/Documents/GitHub/GameCapstoneDesignProject/GameCapstone/Content/CloseCombatAnimSet/Animations/InPlace/HitReactions/NinjaKnockdownBack.uasset" 535
"../../../../../../Users/User/Documents/GitHub/GameCapstoneDesignProject/GameCapstone/Content/CloseCombatAnimSet/Animations/InPlace/HitReactions/NinjaHeadHit_01.uasset" 536
"../../../../../../Users/User/Documents/GitHub/GameCapstoneDesignProject/GameCapstone/Content/CloseCombatAnimSet/Animations/InPlace/Evades/NinjaTorsoEvade.uasset" 537
"../../../../../../Users/User/Documents/GitHub/GameCapstoneDesignProject/GameCapstone/Content/CloseCombatAnimSet/Animations/InPlace/Evades/NinjaTorsoBackEvade.uasset" 538
"../../../../../../Users/User/Documents/GitHub/GameCapstoneDesignProject/GameCapstone/Content/CloseCombatAnimSet/Animations/InPlace/Evades/NinjaRLegEvade.uasset" 539
"../../../../../../Users/User/Documents/GitHub/GameCapstoneDesignProject/GameCapstone/Content/CloseCombatAnimSet/Animations/InPlace/Evades/NinjaRightEvade.uasset" 540
"../../../../../../Users/User/Documents/GitHub/GameCapstoneDesignProject/GameCapstone/Content/CloseCombatAnimSet/Animations/InPlace/Evades/NinjaRArmEvade.uasset" 541
"../../../../../../Users/User/Documents/GitHub/GameCapstoneDesignProject/GameCapstone/Content/CloseCombatAnimSet/Animations/InPlace/Evades/NinjaLLegEvade.uasset" 542
"../../../../../../Users/User/Documents/GitHub/GameCapstoneDesignProject/GameCapstone/Content/CloseCombatAnimSet/Animations/InPlace/Evades/NinjaLeftEvade.uasset" 543
"../../../../../../Users/User/Documents/GitHub/GameCapstoneDesignProject/GameCapstone/Content/CloseCombatAnimSet/Animations/InPlace/Evades/NinjaLArmEvade.uasset" 544
"../../../../../../Users/User/Documents/GitHub/GameCapstoneDesignProject/GameCapstone/Content/CloseCombatAnimSet/Animations/InPlace/Evades/NinjaHeadEvade.uasset" 545
"../../../../../../Users/User/Documents/GitHub/GameCapstoneDesignProject/GameCapstone/Content/CloseCombatAnimSet/Animations/InPlace/Evades/NinjaFrontEvade.uasset" 546
"../../../../../../Users/User/Documents/GitHub/GameCapstoneDesignProject/GameCapstone/Content/CloseCombatAnimSet/Animations/InPlace/Evades/NinjaBackEvade.uasset" 547
"../../../../../../Users/User/Documents/GitHub/GameCapstoneDesignProject/GameCapstone/Content/CloseCombatAnimSet/Animations/InPlace/Blocks/NinjaBlockLoop.uasset" 548
"../../../../../../Users/User/Documents/GitHub/GameCapstoneDesignProject/GameCapstone/Content/CloseCombatAnimSet/Animations/InPlace/Blocks/NinjaBlockIntro.uasset" 549
"../../../../../../Users/User/Documents/GitHub/GameCapstoneDesignProject/GameCapstone/Content/CloseCombatAnimSet/Animations/InPlace/Blocks/NinjaBlockHit.uasset" 550
"../../../../../../Users/User/Documents/GitHub/GameCapstoneDesignProject/GameCapstone/Content/CloseCombatAnimSet/Animations/InPlace/Attacks/NinjaStraightKick.uasset" 551
"../../../../../../Users/User/Documents/GitHub/GameCapstoneDesignProject/GameCapstone/Content/CloseCombatAnimSet/Animations/InPlace/Attacks/NinjaSpinningBackfist.uasset" 552
"../../../../../../Users/User/Documents/GitHub/GameCapstoneDesignProject/GameCapstone/Content/CloseCombatAnimSet/Animations/InPlace/Attacks/NinjaObliqueKick.uasset" 553
"../../../../../../Users/User/Documents/GitHub/GameCapstoneDesignProject/GameCapstone/Content/CloseCombatAnimSet/Animations/InPlace/Attacks/NinjaLeftJab.uasset" 554
"../../../../../../Users/User/Documents/GitHub/GameCapstoneDesignProject/GameCapstone/Content/CloseCombatAnimSet/NinjaLeftHook.uasset" 555
"../../../../../../Users/User/Documents/GitHub/GameCapstoneDesignProject/GameCapstone/Content/CloseCombatAnimSet/Animations/InPlace/Attacks/NinjaLeftHook.uasset" 556
"../../../../../../Users/User/Documents/GitHub/GameCapstoneDesignProject/GameCapstone/Content/CloseCombatAnimSet/Animations/InPlace/Attacks/NinjaCutDownKick.uasset" 557
"../../../../../../Users/User/Documents/GitHub/GameCapstoneDesignProject/GameCapstone/Content/CloseCombatAnimSet/Maps/ShowcaseMap.umap" 558
"../../../../../../Users/User/Documents/GitHub/GameCapstoneDesignProject/GameCapstone/Content/StarterContent/Materials/M_AssetPlatform.uasset" 559
"../../../../../../Users/User/Documents/GitHub/GameCapstoneDesignProject/GameCapstone/Content/StarterContent/Architecture/SM_AssetPlatform.uasset" 560
"../../../Engine/Content/EditorMeshes/ColorCalibrator/M_GreyBall.uasset" 561
"../../../Engine/Content/EditorMeshes/ColorCalibrator/Color_checker.uasset" 562
"../../../Engine/Content/EditorMeshes/ColorCalibrator/M_ColorGrid.uasset" 563
"../../../Engine/Content/EditorMeshes/ColorCalibrator/M_ClearCoatBlack.uasset" 564
"../../../Engine/Content/EditorMeshes/ColorCalibrator/M_ClearCoat.uasset" 565
"../../../Engine/Content/EditorMeshes/ColorCalibrator/M_ChromeBall.uasset" 566
"../../../Engine/Content/EditorMeshes/ColorCalibrator/SM_ColorCalibrator.uasset" 567
"../../../../../../Users/User/Documents/GitHub/GameCapstoneDesignProject/GameCapstone/Content/StarterContent/Maps/Advanced_Lighting_BuiltData.uasset" 568
"../../../../../../Users/User/Documents/GitHub/GameCapstoneDesignProject/GameCapstone/Content/StarterContent/HDRI/HDRI_Epic_Courtyard_Daylight.uasset" 569
"../../../Engine/Content/MapTemplates/Sky/DaylightAmbientCubemap.uasset" 570
"../../../../../../Users/User/Documents/GitHub/GameCapstoneDesignProject/GameCapstone/Content/StarterContent/Blueprints/Assets/M_LightStage_Skybox_Master.uasset" 571
"../../../../../../Users/User/Documents/GitHub/GameCapstoneDesignProject/GameCapstone/Content/StarterContent/Blueprints/Assets/M_LightStage_Skybox_HDRI.uasset" 572
"../../../../../../Users/User/Documents/GitHub/GameCapstoneDesignProject/GameCapstone/Content/StarterContent/Blueprints/Assets/M_LightStage_Arrows.uasset" 573
"../../../../../../Users/User/Documents/GitHub/GameCapstoneDesignProject/GameCapstone/Content/StarterContent/Blueprints/Assets/SM_Arrows.uasset" 574
"../../../Engine/Content/EditorMaterials/Thumbnails/SkySphereMaterial.uasset" 575
"../../../../../../Users/User/Documents/GitHub/GameCapstoneDesignProject/GameCapstone/Content/StarterContent/Blueprints/Assets/Skybox.uasset" 576
"../../../../../../Users/User/Documents/GitHub/GameCapstoneDesignProject/GameCapstone/Content/StarterContent/Blueprints/Assets/M_LightStage_Skybox_Black.uasset" 577
"../../../../../../Users/User/Documents/GitHub/GameCapstoneDesignProject/GameCapstone/Content/StarterContent/Blueprints/Assets/SunlightColorLUT.uasset" 578
"../../../../../../Users/User/Documents/GitHub/GameCapstoneDesignProject/GameCapstone/Content/StarterContent/Blueprints/Assets/FogBrightnessLUT.uasset" 579
"../../../../../../Users/User/Documents/GitHub/GameCapstoneDesignProject/GameCapstone/Content/StarterContent/Blueprints/BP_LightStudio.uasset" 580
"../../../../../../Users/User/Documents/GitHub/GameCapstoneDesignProject/GameCapstone/Content/StarterContent/Maps/Advanced_Lighting.umap" 581
"../../../../../../Users/User/Documents/GitHub/GameCapstoneDesignProject/GameCapstone/Content/StarterContent/Audio/Starter_Background_Cue.uasset" 582
"../../../../../../Users/User/Documents/GitHub/GameCapstoneDesignProject/GameCapstone/Content/StarterContent/Architecture/Floor_400x400.uasset" 583
"../../../../../../Users/User/Documents/GitHub/GameCapstoneDesignProject/GameCapstone/Content/StarterContent/Textures/T_TableRound_N.uasset" 584
"../../../../../../Users/User/Documents/GitHub/GameCapstoneDesignProject/GameCapstone/Content/StarterContent/Textures/T_TableRound_M.uasset" 585
"../../../../../../Users/User/Documents/GitHub/GameCapstoneDesignProject/GameCapstone/Content/StarterContent/Props/Materials/M_TableRound.uasset" 586
"../../../../../../Users/User/Documents/GitHub/GameCapstoneDesignProject/GameCapstone/Content/StarterContent/Props/SM_TableRound.uasset" 587
"../../../../../../Users/User/Documents/GitHub/GameCapstoneDesignProject/GameCapstone/Content/StarterContent/Textures/T_Statue_N.uasset" 588
"../../../../../../Users/User/Documents/GitHub/GameCapstoneDesignProject/GameCapstone/Content/StarterContent/Textures/T_Statue_M.uasset" 589
"../../../../../../Users/User/Documents/GitHub/GameCapstoneDesignProject/GameCapstone/Content/StarterContent/Props/Materials/M_Statue.uasset" 590
"../../../../../../Users/User/Documents/GitHub/GameCapstoneDesignProject/GameCapstone/Content/StarterContent/Props/Materials/M_StatueGlass.uasset" 591
"../../../../../../Users/User/Documents/GitHub/GameCapstoneDesignProject/GameCapstone/Content/StarterContent/Props/SM_Statue.uasset" 592
"../../../../../../Users/User/Documents/GitHub/GameCapstoneDesignProject/GameCapstone/Content/StarterContent/Props/SM_Chair.uasset" 593
"../../../../../../Users/User/Documents/GitHub/GameCapstoneDesignProject/GameCapstone/Content/StarterContent/Textures/T_Metal_Copper_D.uasset" 594
"../../../../../../Users/User/Documents/GitHub/GameCapstoneDesignProject/GameCapstone/Content/StarterContent/Textures/T_Metal_Gold_N.uasset" 595
"../../../../../../Users/User/Documents/GitHub/GameCapstoneDesignProject/GameCapstone/Content/StarterContent/Textures/T_MacroVariation.uasset" 596
"../../../../../../Users/User/Documents/GitHub/GameCapstoneDesignProject/GameCapstone/Content/StarterContent/Materials/M_Metal_Copper.uasset" 597
"../../../../../../Users/User/Documents/GitHub/GameCapstoneDesignProject/GameCapstone/Content/StarterContent/Textures/T_Metal_Aluminum_D.uasset" 598
"../../../../../../Users/User/Documents/GitHub/GameCapstoneDesignProject/GameCapstone/Content/StarterContent/Materials/M_Metal_Burnished_Steel.uasset" 599
"../../../../../../Users/User/Documents/GitHub/GameCapstoneDesignProject/GameCapstone/Content/StarterContent/Materials/M_Metal_Brushed_Nickel.uasset" 600
"../../../../../../Users/User/Documents/GitHub/GameCapstoneDesignProject/GameCapstone/Content/StarterContent/Maps/Minimal_Default_BuiltData.uasset" 601
"../../../../../../Users/User/Documents/GitHub/GameCapstoneDesignProject/GameCapstone/Content/StarterContent/Maps/Minimal_Default.umap" 602
"../../../../../../Users/User/Documents/GitHub/GameCapstoneDesignProject/GameCapstone/Content/StarterContent/Shapes/Shape_Sphere.uasset" 603
"../../../../../../Users/User/Documents/GitHub/GameCapstoneDesignProject/GameCapstone/Content/StarterContent/Shapes/Shape_QuadPyramid.uasset" 604
"../../../../../../Users/User/Documents/GitHub/GameCapstoneDesignProject/GameCapstone/Content/StarterContent/Shapes/Shape_Cube.uasset" 605
"../../../../../../Users/User/Documents/GitHub/GameCapstoneDesignProject/GameCapstone/Content/StarterContent/Textures/T_Frame_N.uasset" 606
"../../../../../../Users/User/Documents/GitHub/GameCapstoneDesignProject/GameCapstone/Content/StarterContent/Textures/T_Frame_M.uasset" 607
"../../../../../../Users/User/Documents/GitHub/GameCapstoneDesignProject/GameCapstone/Content/StarterContent/Props/Materials/M_Frame.uasset" 608
"../../../../../../Users/User/Documents/GitHub/GameCapstoneDesignProject/GameCapstone/Content/StarterContent/Props/SM_WindowFrame.uasset" 609
"../../../../../../Users/User/Documents/GitHub/GameCapstoneDesignProject/GameCapstone/Content/StarterContent/Props/SM_PillarFrame300.uasset" 610
"../../../../../../Users/User/Documents/GitHub/GameCapstoneDesignProject/GameCapstone/Content/StarterContent/Props/SM_PillarFrame.uasset" 611
"../../../../../../Users/User/Documents/GitHub/GameCapstoneDesignProject/GameCapstone/Content/StarterContent/Textures/T_Lamp_N.uasset" 612
"../../../../../../Users/User/Documents/GitHub/GameCapstoneDesignProject/GameCapstone/Content/StarterContent/Textures/T_Lamp_M.uasset" 613
"../../../../../../Users/User/Documents/GitHub/GameCapstoneDesignProject/GameCapstone/Content/StarterContent/Props/Materials/M_Lamp.uasset" 614
"../../../../../../Users/User/Documents/GitHub/GameCapstoneDesignProject/GameCapstone/Content/StarterContent/Props/SM_Lamp_Ceiling.uasset" 615
"../../../../../../Users/User/Documents/GitHub/GameCapstoneDesignProject/GameCapstone/Content/StarterContent/Blueprints/Blueprint_CeilingLight.uasset" 616
"../../../../../../Users/User/Documents/GitHub/GameCapstoneDesignProject/GameCapstone/Content/StarterContent/Audio/Starter_Music_Cue.uasset" 617
"../../../../../../Users/User/Documents/GitHub/GameCapstoneDesignProject/GameCapstone/Content/StarterContent/Audio/Collapse_Cue.uasset" 618
"../../../../../../Users/User/Documents/GitHub/GameCapstoneDesignProject/GameCapstone/Content/StarterContent/Architecture/Wall_Window_400x300.uasset" 619
"../../../../../../Users/User/Documents/GitHub/GameCapstoneDesignProject/GameCapstone/Content/StarterContent/Architecture/Wall_Door_400x300.uasset" 620
"../../../../../../Users/User/Documents/GitHub/GameCapstoneDesignProject/GameCapstone/Content/StarterContent/Architecture/Wall_400x200.uasset" 621
"../../../../../../Users/User/Documents/GitHub/GameCapstoneDesignProject/GameCapstone/Content/StarterContent/Props/SM_GlassWindow.uasset" 622
"../../../../../../Users/User/Documents/GitHub/GameCapstoneDesignProject/GameCapstone/Content/StarterContent/Props/SM_DoorFrame.uasset" 623
"../../../../../../Users/User/Documents/GitHub/GameCapstoneDesignProject/GameCapstone/Content/StarterContent/Props/SM_CornerFrame.uasset" 624
"../../../../../../Users/User/Documents/GitHub/GameCapstoneDesignProject/GameCapstone/Content/StarterContent/Props/MaterialSphere.uasset" 625
"../../../../../../Users/User/Documents/GitHub/GameCapstoneDesignProject/GameCapstone/Content/StarterContent/Textures/T_Dust_Particle_D.uasset" 626
"../../../../../../Users/User/Documents/GitHub/GameCapstoneDesignProject/GameCapstone/Content/StarterContent/Particles/Materials/M_Dust_Particle.uasset" 627
"../../../../../../Users/User/Documents/GitHub/GameCapstoneDesignProject/GameCapstone/Content/StarterContent/Particles/P_Ambient_Dust.uasset" 628
"../../../../../../Users/User/Documents/GitHub/GameCapstoneDesignProject/GameCapstone/Content/StarterContent/Textures/T_Wood_Walnut_N.uasset" 629
"../../../../../../Users/User/Documents/GitHub/GameCapstoneDesignProject/GameCapstone/Content/StarterContent/Textures/T_Wood_Walnut_D.uasset" 630
"../../../../../../Users/User/Documents/GitHub/GameCapstoneDesignProject/GameCapstone/Content/StarterContent/Materials/M_Wood_Walnut.uasset" 631
"../../../../../../Users/User/Documents/GitHub/GameCapstoneDesignProject/GameCapstone/Content/StarterContent/Textures/T_Wood_Pine_N.uasset" 632
"../../../../../../Users/User/Documents/GitHub/GameCapstoneDesignProject/GameCapstone/Content/StarterContent/Textures/T_Wood_Pine_D.uasset" 633
"../../../../../../Users/User/Documents/GitHub/GameCapstoneDesignProject/GameCapstone/Content/StarterContent/Textures/T_Perlin_Noise_M.uasset" 634
"../../../../../../Users/User/Documents/GitHub/GameCapstoneDesignProject/GameCapstone/Content/StarterContent/Materials/M_Wood_Pine.uasset" 635
"../../../../../../Users/User/Documents/GitHub/GameCapstoneDesignProject/GameCapstone/Content/StarterContent/Textures/T_Wood_Oak_N.uasset" 636
"../../../../../../Users/User/Documents/GitHub/GameCapstoneDesignProject/GameCapstone/Content/StarterContent/Textures/T_Wood_Oak_D.uasset" 637
"../../../../../../Users/User/Documents/GitHub/GameCapstoneDesignProject/GameCapstone/Content/StarterContent/Materials/M_Wood_Oak.uasset" 638
"../../../Engine/Content/Functions/Engine_MaterialFunctions01/Opacity/AlphaOffset.uasset" 639
"../../../../../../Users/User/Documents/GitHub/GameCapstoneDesignProject/GameCapstone/Content/StarterContent/Textures/T_Wood_Floor_Walnut_N.uasset" 640
"../../../../../../Users/User/Documents/GitHub/GameCapstoneDesignProject/GameCapstone/Content/StarterContent/Textures/T_Wood_Floor_Walnut_M.uasset" 641
"../../../../../../Users/User/Documents/GitHub/GameCapstoneDesignProject/GameCapstone/Content/StarterContent/Textures/T_Wood_Floor_Walnut_D.uasset" 642
"../../../../../../Users/User/Documents/GitHub/GameCapstoneDesignProject/GameCapstone/Content/StarterContent/Materials/M_Wood_Floor_Walnut_Worn.uasset" 643
"../../../../../../Users/User/Documents/GitHub/GameCapstoneDesignProject/GameCapstone/Content/StarterContent/Materials/M_Wood_Floor_Walnut_Polished.uasset" 644
"../../../../../../Users/User/Documents/GitHub/GameCapstoneDesignProject/GameCapstone/Content/StarterContent/Textures/T_Water_M.uasset" 645
"../../../../../../Users/User/Documents/GitHub/GameCapstoneDesignProject/GameCapstone/Content/StarterContent/Textures/T_Water_N.uasset" 646
"../../../../../../Users/User/Documents/GitHub/GameCapstoneDesignProject/GameCapstone/Content/StarterContent/Materials/M_Water_Ocean.uasset" 647
"../../../../../../Users/User/Documents/GitHub/GameCapstoneDesignProject/GameCapstone/Content/StarterContent/Materials/M_Water_Lake.uasset" 648
"../../../../../../Users/User/Documents/GitHub/GameCapstoneDesignProject/GameCapstone/Content/StarterContent/Textures/T_Tech_Panel_N.uasset" 649
"../../../../../../Users/User/Documents/GitHub/GameCapstoneDesignProject/GameCapstone/Content/StarterContent/Textures/T_Tech_Panel_M.uasset" 650
"../../../../../../Users/User/Documents/GitHub/GameCapstoneDesignProject/GameCapstone/Content/StarterContent/Textures/T_Metal_Steel_D.uasset" 651
"../../../../../../Users/User/Documents/GitHub/GameCapstoneDesignProject/GameCapstone/Content/StarterContent/Materials/M_Tech_Panel.uasset" 652
"../../../../../../Users/User/Documents/GitHub/GameCapstoneDesignProject/GameCapstone/Content/StarterContent/Textures/T_Tech_Hex_Tile_N.uasset" 653
"../../../../../../Users/User/Documents/GitHub/GameCapstoneDesignProject/GameCapstone/Content/StarterContent/Textures/T_Tech_Hex_Tile_M.uasset" 654
"../../../../../../Users/User/Documents/GitHub/GameCapstoneDesignProject/GameCapstone/Content/StarterContent/Materials/M_Tech_Hex_Tile_Pulse.uasset" 655
"../../../../../../Users/User/Documents/GitHub/GameCapstoneDesignProject/GameCapstone/Content/StarterContent/Materials/M_Tech_Hex_Tile.uasset" 656
"../../../../../../Users/User/Documents/GitHub/GameCapstoneDesignProject/GameCapstone/Content/StarterContent/Textures/T_Tech_Dot_N.uasset" 657
"../../../../../../Users/User/Documents/GitHub/GameCapstoneDesignProject/GameCapstone/Content/StarterContent/Textures/T_Tech_Dot_M.uasset" 658
"../../../../../../Users/User/Documents/GitHub/GameCapstoneDesignProject/GameCapstone/Content/StarterContent/Textures/T_Single_Tile_N.uasset" 659
"../../../../../../Users/User/Documents/GitHub/GameCapstoneDesignProject/GameCapstone/Content/StarterContent/Textures/T_Checker_Noise_M.uasset" 660
"../../../../../../Users/User/Documents/GitHub/GameCapstoneDesignProject/GameCapstone/Content/StarterContent/Materials/M_Tech_Checker_Dot.uasset" 661
"../../../../../../Users/User/Documents/GitHub/GameCapstoneDesignProject/GameCapstone/Content/StarterContent/Textures/T_Rock_Slate_N.uasset" 662
"../../../../../../Users/User/Documents/GitHub/GameCapstoneDesignProject/GameCapstone/Content/StarterContent/Textures/T_Rock_Slate_D.uasset" 663
"../../../../../../Users/User/Documents/GitHub/GameCapstoneDesignProject/GameCapstone/Content/StarterContent/Materials/M_Rock_Slate.uasset" 664
"../../../../../../Users/User/Documents/GitHub/GameCapstoneDesignProject/GameCapstone/Content/StarterContent/Textures/T_Rock_Sandstone_N.uasset" 665
"../../../../../../Users/User/Documents/GitHub/GameCapstoneDesignProject/GameCapstone/Content/StarterContent/Textures/T_Rock_Sandstone_D.uasset" 666
"../../../../../../Users/User/Documents/GitHub/GameCapstoneDesignProject/GameCapstone/Content/StarterContent/Materials/M_Rock_Sandstone.uasset" 667
"../../../../../../Users/User/Documents/GitHub/GameCapstoneDesignProject/GameCapstone/Content/StarterContent/Textures/T_Rock_Marble_Polished_D.uasset" 668
"../../../../../../Users/User/Documents/GitHub/GameCapstoneDesignProject/GameCapstone/Content/StarterContent/Materials/M_Rock_Marble_Polished.uasset" 669
"../../../../../../Users/User/Documents/GitHub/GameCapstoneDesignProject/GameCapstone/Content/StarterContent/Textures/T_Rock_Basalt_N.uasset" 670
"../../../../../../Users/User/Documents/GitHub/GameCapstoneDesignProject/GameCapstone/Content/StarterContent/Materials/M_Rock_Basalt.uasset" 671
"../../../../../../Users/User/Documents/GitHub/GameCapstoneDesignProject/GameCapstone/Content/StarterContent/Textures/T_Metal_Steel_N.uasset" 672
"../../../../../../Users/User/Documents/GitHub/GameCapstoneDesignProject/GameCapstone/Content/StarterContent/Materials/M_Metal_Steel.uasset" 673
"../../../../../../Users/User/Documents/GitHub/GameCapstoneDesignProject/GameCapstone/Content/StarterContent/Textures/T_Metal_Rust_D.uasset" 674
"../../../../../../Users/User/Documents/GitHub/GameCapstoneDesignProject/GameCapstone/Content/StarterContent/Textures/T_Metal_Rust_N.uasset" 675
"../../../../../../Users/User/Documents/GitHub/GameCapstoneDesignProject/GameCapstone/Content/StarterContent/Materials/M_Metal_Rust.uasset" 676
"../../../../../../Users/User/Documents/GitHub/GameCapstoneDesignProject/GameCapstone/Content/StarterContent/Textures/T_Metal_Gold_D.uasset" 677
"../../../../../../Users/User/Documents/GitHub/GameCapstoneDesignProject/GameCapstone/Content/StarterContent/Materials/M_Metal_Gold.uasset" 678
"../../../../../../Users/User/Documents/GitHub/GameCapstoneDesignProject/GameCapstone/Content/StarterContent/Materials/M_Metal_Chrome.uasset" 679
"../../../../../../Users/User/Documents/GitHub/GameCapstoneDesignProject/GameCapstone/Content/StarterContent/Textures/T_Ground_Moss_N.uasset" 680
"../../../../../../Users/User/Documents/GitHub/GameCapstoneDesignProject/GameCapstone/Content/StarterContent/Textures/T_ground_Moss_D.uasset" 681
"../../../../../../Users/User/Documents/GitHub/GameCapstoneDesignProject/GameCapstone/Content/StarterContent/Materials/M_Ground_Moss.uasset" 682
"../../../../../../Users/User/Documents/GitHub/GameCapstoneDesignProject/GameCapstone/Content/StarterContent/Textures/T_Ground_Gravel_N.uasset" 683
"../../../../../../Users/User/Documents/GitHub/GameCapstoneDesignProject/GameCapstone/Content/StarterContent/Textures/T_Ground_Gravel_D.uasset" 684
"../../../../../../Users/User/Documents/GitHub/GameCapstoneDesignProject/GameCapstone/Content/StarterContent/Materials/M_Ground_Gravel.uasset" 685
"../../../../../../Users/User/Documents/GitHub/GameCapstoneDesignProject/GameCapstone/Content/StarterContent/Textures/T_Ground_Grass_N.uasset" 686
"../../../../../../Users/User/Documents/GitHub/GameCapstoneDesignProject/GameCapstone/Content/StarterContent/Textures/T_Ground_Grass_D.uasset" 687
"../../../../../../Users/User/Documents/GitHub/GameCapstoneDesignProject/GameCapstone/Content/StarterContent/Materials/M_Ground_Grass.uasset" 688
"../../../../../../Users/User/Documents/GitHub/GameCapstoneDesignProject/GameCapstone/Content/StarterContent/Textures/T_Concrete_Tiles_Variation_M.uasset" 689
"../../../../../../Users/User/Documents/GitHub/GameCapstoneDesignProject/GameCapstone/Content/StarterContent/Textures/T_Concrete_Tiles_N.uasset" 690
"../../../../../../Users/User/Documents/GitHub/GameCapstoneDesignProject/GameCapstone/Content/StarterContent/Textures/T_Concrete_Tiles_M.uasset" 691
"../../../../../../Users/User/Documents/GitHub/GameCapstoneDesignProject/GameCapstone/Content/StarterContent/Textures/T_Concrete_Tiles_D.uasset" 692
"../../../../../../Users/User/Documents/GitHub/GameCapstoneDesignProject/GameCapstone/Content/StarterContent/Materials/M_Concrete_Tiles.uasset" 693
"../../../../../../Users/User/Documents/GitHub/GameCapstoneDesignProject/GameCapstone/Content/StarterContent/Textures/T_Concrete_Panels_N.uasset" 694
"../../../../../../Users/User/Documents/GitHub/GameCapstoneDesignProject/GameCapstone/Content/StarterContent/Textures/T_Concrete_Panels_D.uasset" 695
"../../../../../../Users/User/Documents/GitHub/GameCapstoneDesignProject/GameCapstone/Content/StarterContent/Materials/M_Concrete_Panels.uasset" 696
"../../../../../../Users/User/Documents/GitHub/GameCapstoneDesignProject/GameCapstone/Content/StarterContent/Textures/T_Concrete_Grime_D.uasset" 697
"../../../../../../Users/User/Documents/GitHub/GameCapstoneDesignProject/GameCapstone/Content/StarterContent/Materials/M_Concrete_Grime.uasset" 698
"../../../../../../Users/User/Documents/GitHub/GameCapstoneDesignProject/GameCapstone/Content/StarterContent/Textures/T_CobbleStone_Smooth_N.uasset" 699
"../../../../../../Users/User/Documents/GitHub/GameCapstoneDesignProject/GameCapstone/Content/StarterContent/Textures/T_CobbleStone_Smooth_M.uasset" 700
"../../../../../../Users/User/Documents/GitHub/GameCapstoneDesignProject/GameCapstone/Content/StarterContent/Textures/T_CobbleStone_Smooth_D.uasset" 701
"../../../../../../Users/User/Documents/GitHub/GameCapstoneDesignProject/GameCapstone/Content/StarterContent/Textures/T_Rock_Smooth_Granite_D.uasset" 702
"../../../../../../Users/User/Documents/GitHub/GameCapstoneDesignProject/GameCapstone/Content/StarterContent/Textures/T_Gradinet_01.uasset" 703
"../../../../../../Users/User/Documents/GitHub/GameCapstoneDesignProject/GameCapstone/Content/StarterContent/Materials/M_CobbleStone_Smooth.uasset" 704
"../../../../../../Users/User/Documents/GitHub/GameCapstoneDesignProject/GameCapstone/Content/StarterContent/Textures/T_CobbleStone_Rough_N.uasset" 705
"../../../../../../Users/User/Documents/GitHub/GameCapstoneDesignProject/GameCapstone/Content/StarterContent/Textures/T_CobbleStone_Rough_D.uasset" 706
"../../../../../../Users/User/Documents/GitHub/GameCapstoneDesignProject/GameCapstone/Content/StarterContent/Materials/M_CobbleStone_Rough.uasset" 707
"../../../../../../Users/User/Documents/GitHub/GameCapstoneDesignProject/GameCapstone/Content/StarterContent/Textures/T_CobbleStone_Pebble_N.uasset" 708
"../../../../../../Users/User/Documents/GitHub/GameCapstoneDesignProject/GameCapstone/Content/StarterContent/Textures/T_CobbleStone_Pebble_M.uasset" 709
"../../../../../../Users/User/Documents/GitHub/GameCapstoneDesignProject/GameCapstone/Content/StarterContent/Textures/T_CobbleStone_Pebble_D.uasset" 710
"../../../../../../Users/User/Documents/GitHub/GameCapstoneDesignProject/GameCapstone/Content/StarterContent/Materials/M_CobbleStone_Pebble.uasset" 711
"../../../../../../Users/User/Documents/GitHub/GameCapstoneDesignProject/GameCapstone/Content/StarterContent/Textures/T_Ceramic_Tile_N.uasset" 712
"../../../../../../Users/User/Documents/GitHub/GameCapstoneDesignProject/GameCapstone/Content/StarterContent/Textures/T_Ceramic_Tile_M.uasset" 713
"../../../../../../Users/User/Documents/GitHub/GameCapstoneDesignProject/GameCapstone/Content/StarterContent/Materials/M_Ceramic_Tile_Checker.uasset" 714
"../../../../../../Users/User/Documents/GitHub/GameCapstoneDesignProject/GameCapstone/Content/StarterContent/Textures/T_Brick_Hewn_Stone_N.uasset" 715
"../../../../../../Users/User/Documents/GitHub/GameCapstoneDesignProject/GameCapstone/Content/StarterContent/Textures/T_Brick_Hewn_Stone_M.uasset" 716
"../../../../../../Users/User/Documents/GitHub/GameCapstoneDesignProject/GameCapstone/Content/StarterContent/Textures/T_Brick_Hewn_Stone_D.uasset" 717
"../../../../../../Users/User/Documents/GitHub/GameCapstoneDesignProject/GameCapstone/Content/StarterContent/Materials/M_Brick_Hewn_Stone.uasset" 718
"../../../../../../Users/User/Documents/GitHub/GameCapstoneDesignProject/GameCapstone/Content/StarterContent/Textures/T_Brick_Cut_Stone_N.uasset" 719
"../../../../../../Users/User/Documents/GitHub/GameCapstoneDesignProject/GameCapstone/Content/StarterContent/Textures/T_Brick_Cut_Stone_D.uasset" 720
"../../../../../../Users/User/Documents/GitHub/GameCapstoneDesignProject/GameCapstone/Content/StarterContent/Materials/M_Brick_Cut_Stone.uasset" 721
"../../../../../../Users/User/Documents/GitHub/GameCapstoneDesignProject/GameCapstone/Content/StarterContent/Textures/T_Brick_Clay_Old_N.uasset" 722
"../../../../../../Users/User/Documents/GitHub/GameCapstoneDesignProject/GameCapstone/Content/StarterContent/Textures/T_Brick_Clay_Old_D.uasset" 723
"../../../../../../Users/User/Documents/GitHub/GameCapstoneDesignProject/GameCapstone/Content/StarterContent/Materials/M_Brick_Clay_Old.uasset" 724
"../../../../../../Users/User/Documents/GitHub/GameCapstoneDesignProject/GameCapstone/Content/StarterContent/Textures/T_Brick_Clay_New_N.uasset" 725
"../../../../../../Users/User/Documents/GitHub/GameCapstoneDesignProject/GameCapstone/Content/StarterContent/Textures/T_Brick_Clay_New_M.uasset" 726
"../../../../../../Users/User/Documents/GitHub/GameCapstoneDesignProject/GameCapstone/Content/StarterContent/Textures/T_Brick_Clay_New_D.uasset" 727
"../../../../../../Users/User/Documents/GitHub/GameCapstoneDesignProject/GameCapstone/Content/StarterContent/Materials/M_Brick_Clay_New.uasset" 728
"../../../../../../Users/User/Documents/GitHub/GameCapstoneDesignProject/GameCapstone/Content/StarterContent/Textures/T_Brick_Clay_Beveled_N.uasset" 729
"../../../../../../Users/User/Documents/GitHub/GameCapstoneDesignProject/GameCapstone/Content/StarterContent/Textures/T_Brick_Clay_Beveled_M.uasset" 730
"../../../../../../Users/User/Documents/GitHub/GameCapstoneDesignProject/GameCapstone/Content/StarterContent/Textures/T_Brick_Clay_Beveled_D.uasset" 731
"../../../../../../Users/User/Documents/GitHub/GameCapstoneDesignProject/GameCapstone/Content/StarterContent/Materials/M_Brick_Clay_Beveled.uasset" 732
"../../../Engine/Content/Functions/Engine_MaterialFunctions03/Procedurals/ComputeFilterWidth.uasset" 733
"../../../Engine/Content/EngineMaterials/AntiAliasedTextMaterialTranslucent.uasset" 734
"../../../../../../Users/User/Documents/GitHub/GameCapstoneDesignProject/GameCapstone/Content/StarterContent/Maps/StarterMap_BuiltData.uasset" 735
"../../../../../../Users/User/Documents/GitHub/GameCapstoneDesignProject/GameCapstone/Content/StarterContent/Textures/T_Concrete_Poured_N.uasset" 736
"../../../../../../Users/User/Documents/GitHub/GameCapstoneDesignProject/GameCapstone/Content/StarterContent/Textures/T_Concrete_Poured_D.uasset" 737
"../../../../../../Users/User/Documents/GitHub/GameCapstoneDesignProject/GameCapstone/Content/StarterContent/Materials/M_Concrete_Poured.uasset" 738
"../../../../../../Users/User/Documents/GitHub/GameCapstoneDesignProject/GameCapstone/Content/StarterContent/Props/SM_Lamp_Wall.uasset" 739
"../../../../../../Users/User/Documents/GitHub/GameCapstoneDesignProject/GameCapstone/Content/StarterContent/Blueprints/Blueprint_WallSconce.uasset" 740
"../../../../../../Users/User/Documents/GitHub/GameCapstoneDesignProject/GameCapstone/Content/StarterContent/Audio/Steam01_Cue.uasset" 741
"../../../../../../Users/User/Documents/GitHub/GameCapstoneDesignProject/GameCapstone/Content/StarterContent/Particles/P_Steam_Lit.uasset" 742
"../../../../../../Users/User/Documents/GitHub/GameCapstoneDesignProject/GameCapstone/Content/StarterContent/Blueprints/Blueprint_Effect_Steam.uasset" 743
"../../../../../../Users/User/Documents/GitHub/GameCapstoneDesignProject/GameCapstone/Content/StarterContent/Audio/Fire_Sparks01_Cue.uasset" 744
"../../../../../../Users/User/Documents/GitHub/GameCapstoneDesignProject/GameCapstone/Content/StarterContent/Textures/T_Spark_Core.uasset" 745
"../../../../../../Users/User/Documents/GitHub/GameCapstoneDesignProject/GameCapstone/Content/StarterContent/Particles/Materials/M_Spark.uasset" 746
"../../../../../../Users/User/Documents/GitHub/GameCapstoneDesignProject/GameCapstone/Content/StarterContent/Particles/Materials/M_Radial_Gradient.uasset" 747
"../../../../../../Users/User/Documents/GitHub/GameCapstoneDesignProject/GameCapstone/Content/StarterContent/Particles/P_Sparks.uasset" 748
"../../../../../../Users/User/Documents/GitHub/GameCapstoneDesignProject/GameCapstone/Content/StarterContent/Blueprints/Blueprint_Effect_Sparks.uasset" 749
"../../../../../../Users/User/Documents/GitHub/GameCapstoneDesignProject/GameCapstone/Content/StarterContent/Audio/Smoke01_Cue.uasset" 750
"../../../../../../Users/User/Documents/GitHub/GameCapstoneDesignProject/GameCapstone/Content/StarterContent/Particles/P_Smoke.uasset" 751
"../../../../../../Users/User/Documents/GitHub/GameCapstoneDesignProject/GameCapstone/Content/StarterContent/Blueprints/Blueprint_Effect_Smoke.uasset" 752
"../../../../../../Users/User/Documents/GitHub/GameCapstoneDesignProject/GameCapstone/Content/StarterContent/Audio/Fire01_Cue.uasset" 753
"../../../../../../Users/User/Documents/GitHub/GameCapstoneDesignProject/GameCapstone/Content/StarterContent/Particles/Materials/M_Heat_Distortion.uasset" 754
"../../../../../../Users/User/Documents/GitHub/GameCapstoneDesignProject/GameCapstone/Content/StarterContent/Textures/T_Fire_Tiled_D.uasset" 755
"../../../../../../Users/User/Documents/GitHub/GameCapstoneDesignProject/GameCapstone/Content/StarterContent/Textures/T_Fire_SubUV.uasset" 756
"../../../../../../Users/User/Documents/GitHub/GameCapstoneDesignProject/GameCapstone/Content/StarterContent/Particles/Materials/M_Fire_SubUV.uasset" 757
"../../../../../../Users/User/Documents/GitHub/GameCapstoneDesignProject/GameCapstone/Content/StarterContent/Particles/P_Fire.uasset" 758
"../../../../../../Users/User/Documents/GitHub/GameCapstoneDesignProject/GameCapstone/Content/StarterContent/Blueprints/Blueprint_Effect_Fire.uasset" 759
"../../../../../../Users/User/Documents/GitHub/GameCapstoneDesignProject/GameCapstone/Content/StarterContent/Maps/StarterMap.umap" 760
"../../../../../../Users/User/Documents/GitHub/GameCapstoneDesignProject/GameCapstone/Content/ThirdPersonBP/Maps/ThirdPersonExampleMap_BuiltData.uasset" 761
"../../../Engine/Content/BasicShapes/Cube.uasset" 762
"../../../Engine/Content/BasicShapes/BasicShapeMaterial.uasset" 763
"../../../Engine/Content/BasicShapes/Sphere.uasset" 764
"../../../../../../Users/User/Documents/GitHub/GameCapstoneDesignProject/GameCapstone/Content/ThirdPersonBP/Blueprints/BP_Projectile.uasset" 765
"../../../../../../Users/User/Documents/GitHub/GameCapstoneDesignProject/GameCapstone/Content/ThirdPersonBP/Blueprints/BP_Cannon.uasset" 766
"../../../../../../Users/User/Documents/GitHub/GameCapstoneDesignProject/GameCapstone/Content/Geometry/Meshes/TemplateFloor.uasset" 767
"../../../../../../Users/User/Documents/GitHub/GameCapstoneDesignProject/GameCapstone/Content/MI_BaseGrid_MUV.uasset" 768
"../../../../../../Users/User/Documents/GitHub/GameCapstoneDesignProject/GameCapstone/Content/ThirdPersonBP/Maps/ThirdPersonExampleMap.umap" 769
"../../../Engine/Content/Maps/Entry_BuiltData.uasset" 770
"../../../Engine/Content/Maps/Entry.umap" 771
